INFO	2022-12-01 16:52:01,860	0	nopCommerce	[main]	Testcase Passed
DEBUG	2022-12-01 16:52:01,892	32	freemarker.cache	[main]	Couldn't find template in cache for "spark/spark.spa.ftl"("en_IN", UTF-8, parsed); will try to load it.
DEBUG	2022-12-01 16:52:01,893	33	freemarker.cache	[main]	TemplateLoader.findTemplateSource("spark/spark.spa_en_IN.ftl"): Not found
DEBUG	2022-12-01 16:52:01,894	34	freemarker.cache	[main]	TemplateLoader.findTemplateSource("spark/spark.spa_en.ftl"): Not found
DEBUG	2022-12-01 16:52:01,894	34	freemarker.cache	[main]	TemplateLoader.findTemplateSource("spark/spark.spa.ftl"): Found
DEBUG	2022-12-01 16:52:01,894	34	freemarker.cache	[main]	Loading template for "spark/spark.spa.ftl"("en_IN", UTF-8, parsed) from "jar:file:/home/waioz/.m2/repository/com/aventstack/extentreports/5.0.9/extentreports-5.0.9.jar!/com/aventstack/extentreports/templates/spark/spark.spa.ftl"
DEBUG	2022-12-01 16:52:01,955	95	freemarker.cache	[main]	Couldn't find template in cache for "commons/commons-variables.ftl"("en_IN", UTF-8, parsed); will try to load it.
DEBUG	2022-12-01 16:52:01,956	96	freemarker.cache	[main]	TemplateLoader.findTemplateSource("commons/commons-variables_en_IN.ftl"): Not found
DEBUG	2022-12-01 16:52:01,956	96	freemarker.cache	[main]	TemplateLoader.findTemplateSource("commons/commons-variables_en.ftl"): Not found
DEBUG	2022-12-01 16:52:01,956	96	freemarker.cache	[main]	TemplateLoader.findTemplateSource("commons/commons-variables.ftl"): Found
DEBUG	2022-12-01 16:52:01,956	96	freemarker.cache	[main]	Loading template for "commons/commons-variables.ftl"("en_IN", UTF-8, parsed) from "jar:file:/home/waioz/.m2/repository/com/aventstack/extentreports/5.0.9/extentreports-5.0.9.jar!/com/aventstack/extentreports/templates/commons/commons-variables.ftl"
DEBUG	2022-12-01 16:52:02,051	191	freemarker.cache	[main]	Couldn't find template in cache for "commons/commons-macros.ftl"("en_IN", UTF-8, parsed); will try to load it.
DEBUG	2022-12-01 16:52:02,052	192	freemarker.cache	[main]	TemplateLoader.findTemplateSource("commons/commons-macros_en_IN.ftl"): Not found
DEBUG	2022-12-01 16:52:02,052	192	freemarker.cache	[main]	TemplateLoader.findTemplateSource("commons/commons-macros_en.ftl"): Not found
DEBUG	2022-12-01 16:52:02,052	192	freemarker.cache	[main]	TemplateLoader.findTemplateSource("commons/commons-macros.ftl"): Found
DEBUG	2022-12-01 16:52:02,052	192	freemarker.cache	[main]	Loading template for "commons/commons-macros.ftl"("en_IN", UTF-8, parsed) from "jar:file:/home/waioz/.m2/repository/com/aventstack/extentreports/5.0.9/extentreports-5.0.9.jar!/com/aventstack/extentreports/templates/commons/commons-macros.ftl"
DEBUG	2022-12-01 16:52:02,064	204	freemarker.cache	[main]	Couldn't find template in cache for "spark/macros/attributes.ftl"("en_IN", UTF-8, parsed); will try to load it.
DEBUG	2022-12-01 16:52:02,065	205	freemarker.cache	[main]	TemplateLoader.findTemplateSource("spark/macros/attributes_en_IN.ftl"): Not found
DEBUG	2022-12-01 16:52:02,065	205	freemarker.cache	[main]	TemplateLoader.findTemplateSource("spark/macros/attributes_en.ftl"): Not found
DEBUG	2022-12-01 16:52:02,065	205	freemarker.cache	[main]	TemplateLoader.findTemplateSource("spark/macros/attributes.ftl"): Found
DEBUG	2022-12-01 16:52:02,065	205	freemarker.cache	[main]	Loading template for "spark/macros/attributes.ftl"("en_IN", UTF-8, parsed) from "jar:file:/home/waioz/.m2/repository/com/aventstack/extentreports/5.0.9/extentreports-5.0.9.jar!/com/aventstack/extentreports/templates/spark/macros/attributes.ftl"
DEBUG	2022-12-01 16:52:02,067	207	freemarker.cache	[main]	Couldn't find template in cache for "spark/macros/log.ftl"("en_IN", UTF-8, parsed); will try to load it.
DEBUG	2022-12-01 16:52:02,068	208	freemarker.cache	[main]	TemplateLoader.findTemplateSource("spark/macros/log_en_IN.ftl"): Not found
DEBUG	2022-12-01 16:52:02,068	208	freemarker.cache	[main]	TemplateLoader.findTemplateSource("spark/macros/log_en.ftl"): Not found
DEBUG	2022-12-01 16:52:02,068	208	freemarker.cache	[main]	TemplateLoader.findTemplateSource("spark/macros/log.ftl"): Found
DEBUG	2022-12-01 16:52:02,068	208	freemarker.cache	[main]	Loading template for "spark/macros/log.ftl"("en_IN", UTF-8, parsed) from "jar:file:/home/waioz/.m2/repository/com/aventstack/extentreports/5.0.9/extentreports-5.0.9.jar!/com/aventstack/extentreports/templates/spark/macros/log.ftl"
DEBUG	2022-12-01 16:52:02,070	210	freemarker.cache	[main]	Couldn't find template in cache for "spark/macros/recurse_nodes.ftl"("en_IN", UTF-8, parsed); will try to load it.
DEBUG	2022-12-01 16:52:02,071	211	freemarker.cache	[main]	TemplateLoader.findTemplateSource("spark/macros/recurse_nodes_en_IN.ftl"): Not found
DEBUG	2022-12-01 16:52:02,071	211	freemarker.cache	[main]	TemplateLoader.findTemplateSource("spark/macros/recurse_nodes_en.ftl"): Not found
DEBUG	2022-12-01 16:52:02,071	211	freemarker.cache	[main]	TemplateLoader.findTemplateSource("spark/macros/recurse_nodes.ftl"): Found
DEBUG	2022-12-01 16:52:02,072	212	freemarker.cache	[main]	Loading template for "spark/macros/recurse_nodes.ftl"("en_IN", UTF-8, parsed) from "jar:file:/home/waioz/.m2/repository/com/aventstack/extentreports/5.0.9/extentreports-5.0.9.jar!/com/aventstack/extentreports/templates/spark/macros/recurse_nodes.ftl"
DEBUG	2022-12-01 16:52:02,076	216	freemarker.cache	[main]	"spark/macros/log.ftl"("en_IN", UTF-8, parsed) cached copy not yet stale; using cached.
DEBUG	2022-12-01 16:52:02,076	216	freemarker.cache	[main]	Couldn't find template in cache for "spark/macros/attr-common.ftl"("en_IN", UTF-8, parsed); will try to load it.
DEBUG	2022-12-01 16:52:02,076	216	freemarker.cache	[main]	TemplateLoader.findTemplateSource("spark/macros/attr-common_en_IN.ftl"): Not found
DEBUG	2022-12-01 16:52:02,076	216	freemarker.cache	[main]	TemplateLoader.findTemplateSource("spark/macros/attr-common_en.ftl"): Not found
DEBUG	2022-12-01 16:52:02,077	217	freemarker.cache	[main]	TemplateLoader.findTemplateSource("spark/macros/attr-common.ftl"): Found
DEBUG	2022-12-01 16:52:02,077	217	freemarker.cache	[main]	Loading template for "spark/macros/attr-common.ftl"("en_IN", UTF-8, parsed) from "jar:file:/home/waioz/.m2/repository/com/aventstack/extentreports/5.0.9/extentreports-5.0.9.jar!/com/aventstack/extentreports/templates/spark/macros/attr-common.ftl"
DEBUG	2022-12-01 16:52:02,083	223	freemarker.cache	[main]	Couldn't find template in cache for "spark/partials/head.ftl"("en_IN", UTF-8, parsed); will try to load it.
DEBUG	2022-12-01 16:52:02,084	224	freemarker.cache	[main]	TemplateLoader.findTemplateSource("spark/partials/head_en_IN.ftl"): Not found
DEBUG	2022-12-01 16:52:02,084	224	freemarker.cache	[main]	TemplateLoader.findTemplateSource("spark/partials/head_en.ftl"): Not found
DEBUG	2022-12-01 16:52:02,084	224	freemarker.cache	[main]	TemplateLoader.findTemplateSource("spark/partials/head.ftl"): Found
DEBUG	2022-12-01 16:52:02,085	225	freemarker.cache	[main]	Loading template for "spark/partials/head.ftl"("en_IN", UTF-8, parsed) from "jar:file:/home/waioz/.m2/repository/com/aventstack/extentreports/5.0.9/extentreports-5.0.9.jar!/com/aventstack/extentreports/templates/spark/partials/head.ftl"
DEBUG	2022-12-01 16:52:02,088	228	freemarker.cache	[main]	Couldn't find template in cache for "commons/commons-inject-css.ftl"("en_IN", UTF-8, parsed); will try to load it.
DEBUG	2022-12-01 16:52:02,089	229	freemarker.cache	[main]	TemplateLoader.findTemplateSource("commons/commons-inject-css_en_IN.ftl"): Not found
DEBUG	2022-12-01 16:52:02,090	230	freemarker.cache	[main]	TemplateLoader.findTemplateSource("commons/commons-inject-css_en.ftl"): Not found
DEBUG	2022-12-01 16:52:02,090	230	freemarker.cache	[main]	TemplateLoader.findTemplateSource("commons/commons-inject-css.ftl"): Found
DEBUG	2022-12-01 16:52:02,090	230	freemarker.cache	[main]	Loading template for "commons/commons-inject-css.ftl"("en_IN", UTF-8, parsed) from "jar:file:/home/waioz/.m2/repository/com/aventstack/extentreports/5.0.9/extentreports-5.0.9.jar!/com/aventstack/extentreports/templates/commons/commons-inject-css.ftl"
DEBUG	2022-12-01 16:52:02,091	231	freemarker.cache	[main]	Couldn't find template in cache for "spark/partials/navbar.ftl"("en_IN", UTF-8, parsed); will try to load it.
DEBUG	2022-12-01 16:52:02,092	232	freemarker.cache	[main]	TemplateLoader.findTemplateSource("spark/partials/navbar_en_IN.ftl"): Not found
DEBUG	2022-12-01 16:52:02,092	232	freemarker.cache	[main]	TemplateLoader.findTemplateSource("spark/partials/navbar_en.ftl"): Not found
DEBUG	2022-12-01 16:52:02,092	232	freemarker.cache	[main]	TemplateLoader.findTemplateSource("spark/partials/navbar.ftl"): Found
DEBUG	2022-12-01 16:52:02,092	232	freemarker.cache	[main]	Loading template for "spark/partials/navbar.ftl"("en_IN", UTF-8, parsed) from "jar:file:/home/waioz/.m2/repository/com/aventstack/extentreports/5.0.9/extentreports-5.0.9.jar!/com/aventstack/extentreports/templates/spark/partials/navbar.ftl"
DEBUG	2022-12-01 16:52:02,098	238	freemarker.cache	[main]	Couldn't find template in cache for "spark/partials/sidenav.ftl"("en_IN", UTF-8, parsed); will try to load it.
DEBUG	2022-12-01 16:52:02,098	238	freemarker.cache	[main]	TemplateLoader.findTemplateSource("spark/partials/sidenav_en_IN.ftl"): Not found
DEBUG	2022-12-01 16:52:02,099	239	freemarker.cache	[main]	TemplateLoader.findTemplateSource("spark/partials/sidenav_en.ftl"): Not found
DEBUG	2022-12-01 16:52:02,099	239	freemarker.cache	[main]	TemplateLoader.findTemplateSource("spark/partials/sidenav.ftl"): Found
DEBUG	2022-12-01 16:52:02,099	239	freemarker.cache	[main]	Loading template for "spark/partials/sidenav.ftl"("en_IN", UTF-8, parsed) from "jar:file:/home/waioz/.m2/repository/com/aventstack/extentreports/5.0.9/extentreports-5.0.9.jar!/com/aventstack/extentreports/templates/spark/partials/sidenav.ftl"
DEBUG	2022-12-01 16:52:02,114	254	freemarker.cache	[main]	Couldn't find template in cache for "spark/partials/test.ftl"("en_IN", UTF-8, parsed); will try to load it.
DEBUG	2022-12-01 16:52:02,115	255	freemarker.cache	[main]	TemplateLoader.findTemplateSource("spark/partials/test_en_IN.ftl"): Not found
DEBUG	2022-12-01 16:52:02,115	255	freemarker.cache	[main]	TemplateLoader.findTemplateSource("spark/partials/test_en.ftl"): Not found
DEBUG	2022-12-01 16:52:02,115	255	freemarker.cache	[main]	TemplateLoader.findTemplateSource("spark/partials/test.ftl"): Found
DEBUG	2022-12-01 16:52:02,115	255	freemarker.cache	[main]	Loading template for "spark/partials/test.ftl"("en_IN", UTF-8, parsed) from "jar:file:/home/waioz/.m2/repository/com/aventstack/extentreports/5.0.9/extentreports-5.0.9.jar!/com/aventstack/extentreports/templates/spark/partials/test.ftl"
DEBUG	2022-12-01 16:52:02,131	271	freemarker.cache	[main]	Couldn't find template in cache for "spark/partials/standard-content.ftl"("en_IN", UTF-8, parsed); will try to load it.
DEBUG	2022-12-01 16:52:02,132	272	freemarker.cache	[main]	TemplateLoader.findTemplateSource("spark/partials/standard-content_en_IN.ftl"): Not found
DEBUG	2022-12-01 16:52:02,132	272	freemarker.cache	[main]	TemplateLoader.findTemplateSource("spark/partials/standard-content_en.ftl"): Not found
DEBUG	2022-12-01 16:52:02,132	272	freemarker.cache	[main]	TemplateLoader.findTemplateSource("spark/partials/standard-content.ftl"): Found
DEBUG	2022-12-01 16:52:02,132	272	freemarker.cache	[main]	Loading template for "spark/partials/standard-content.ftl"("en_IN", UTF-8, parsed) from "jar:file:/home/waioz/.m2/repository/com/aventstack/extentreports/5.0.9/extentreports-5.0.9.jar!/com/aventstack/extentreports/templates/spark/partials/standard-content.ftl"
DEBUG	2022-12-01 16:52:02,138	278	freemarker.cache	[main]	Couldn't find template in cache for "spark/partials/exception.ftl"("en_IN", UTF-8, parsed); will try to load it.
DEBUG	2022-12-01 16:52:02,138	278	freemarker.cache	[main]	TemplateLoader.findTemplateSource("spark/partials/exception_en_IN.ftl"): Not found
DEBUG	2022-12-01 16:52:02,138	278	freemarker.cache	[main]	TemplateLoader.findTemplateSource("spark/partials/exception_en.ftl"): Not found
DEBUG	2022-12-01 16:52:02,139	279	freemarker.cache	[main]	TemplateLoader.findTemplateSource("spark/partials/exception.ftl"): Found
DEBUG	2022-12-01 16:52:02,139	279	freemarker.cache	[main]	Loading template for "spark/partials/exception.ftl"("en_IN", UTF-8, parsed) from "jar:file:/home/waioz/.m2/repository/com/aventstack/extentreports/5.0.9/extentreports-5.0.9.jar!/com/aventstack/extentreports/templates/spark/partials/exception.ftl"
DEBUG	2022-12-01 16:52:02,140	280	freemarker.cache	[main]	Couldn't find template in cache for "spark/partials/category.ftl"("en_IN", UTF-8, parsed); will try to load it.
DEBUG	2022-12-01 16:52:02,140	280	freemarker.cache	[main]	TemplateLoader.findTemplateSource("spark/partials/category_en_IN.ftl"): Not found
DEBUG	2022-12-01 16:52:02,141	281	freemarker.cache	[main]	TemplateLoader.findTemplateSource("spark/partials/category_en.ftl"): Not found
DEBUG	2022-12-01 16:52:02,141	281	freemarker.cache	[main]	TemplateLoader.findTemplateSource("spark/partials/category.ftl"): Found
DEBUG	2022-12-01 16:52:02,141	281	freemarker.cache	[main]	Loading template for "spark/partials/category.ftl"("en_IN", UTF-8, parsed) from "jar:file:/home/waioz/.m2/repository/com/aventstack/extentreports/5.0.9/extentreports-5.0.9.jar!/com/aventstack/extentreports/templates/spark/partials/category.ftl"
DEBUG	2022-12-01 16:52:02,142	282	freemarker.cache	[main]	Couldn't find template in cache for "spark/partials/device.ftl"("en_IN", UTF-8, parsed); will try to load it.
DEBUG	2022-12-01 16:52:02,142	282	freemarker.cache	[main]	TemplateLoader.findTemplateSource("spark/partials/device_en_IN.ftl"): Not found
DEBUG	2022-12-01 16:52:02,143	283	freemarker.cache	[main]	TemplateLoader.findTemplateSource("spark/partials/device_en.ftl"): Not found
DEBUG	2022-12-01 16:52:02,143	283	freemarker.cache	[main]	TemplateLoader.findTemplateSource("spark/partials/device.ftl"): Found
DEBUG	2022-12-01 16:52:02,143	283	freemarker.cache	[main]	Loading template for "spark/partials/device.ftl"("en_IN", UTF-8, parsed) from "jar:file:/home/waioz/.m2/repository/com/aventstack/extentreports/5.0.9/extentreports-5.0.9.jar!/com/aventstack/extentreports/templates/spark/partials/device.ftl"
DEBUG	2022-12-01 16:52:02,144	284	freemarker.cache	[main]	Couldn't find template in cache for "spark/partials/author.ftl"("en_IN", UTF-8, parsed); will try to load it.
DEBUG	2022-12-01 16:52:02,145	285	freemarker.cache	[main]	TemplateLoader.findTemplateSource("spark/partials/author_en_IN.ftl"): Not found
DEBUG	2022-12-01 16:52:02,145	285	freemarker.cache	[main]	TemplateLoader.findTemplateSource("spark/partials/author_en.ftl"): Not found
DEBUG	2022-12-01 16:52:02,145	285	freemarker.cache	[main]	TemplateLoader.findTemplateSource("spark/partials/author.ftl"): Found
DEBUG	2022-12-01 16:52:02,145	285	freemarker.cache	[main]	Loading template for "spark/partials/author.ftl"("en_IN", UTF-8, parsed) from "jar:file:/home/waioz/.m2/repository/com/aventstack/extentreports/5.0.9/extentreports-5.0.9.jar!/com/aventstack/extentreports/templates/spark/partials/author.ftl"
DEBUG	2022-12-01 16:52:02,146	286	freemarker.cache	[main]	Couldn't find template in cache for "spark/partials/log.ftl"("en_IN", UTF-8, parsed); will try to load it.
DEBUG	2022-12-01 16:52:02,146	286	freemarker.cache	[main]	TemplateLoader.findTemplateSource("spark/partials/log_en_IN.ftl"): Not found
DEBUG	2022-12-01 16:52:02,147	287	freemarker.cache	[main]	TemplateLoader.findTemplateSource("spark/partials/log_en.ftl"): Not found
DEBUG	2022-12-01 16:52:02,147	287	freemarker.cache	[main]	TemplateLoader.findTemplateSource("spark/partials/log.ftl"): Found
DEBUG	2022-12-01 16:52:02,147	287	freemarker.cache	[main]	Loading template for "spark/partials/log.ftl"("en_IN", UTF-8, parsed) from "jar:file:/home/waioz/.m2/repository/com/aventstack/extentreports/5.0.9/extentreports-5.0.9.jar!/com/aventstack/extentreports/templates/spark/partials/log.ftl"
DEBUG	2022-12-01 16:52:02,148	288	freemarker.cache	[main]	Couldn't find template in cache for "spark/partials/dashboard.ftl"("en_IN", UTF-8, parsed); will try to load it.
DEBUG	2022-12-01 16:52:02,149	289	freemarker.cache	[main]	TemplateLoader.findTemplateSource("spark/partials/dashboard_en_IN.ftl"): Not found
DEBUG	2022-12-01 16:52:02,149	289	freemarker.cache	[main]	TemplateLoader.findTemplateSource("spark/partials/dashboard_en.ftl"): Not found
DEBUG	2022-12-01 16:52:02,149	289	freemarker.cache	[main]	TemplateLoader.findTemplateSource("spark/partials/dashboard.ftl"): Found
DEBUG	2022-12-01 16:52:02,149	289	freemarker.cache	[main]	Loading template for "spark/partials/dashboard.ftl"("en_IN", UTF-8, parsed) from "jar:file:/home/waioz/.m2/repository/com/aventstack/extentreports/5.0.9/extentreports-5.0.9.jar!/com/aventstack/extentreports/templates/spark/partials/dashboard.ftl"
DEBUG	2022-12-01 16:52:02,188	328	freemarker.cache	[main]	Couldn't find template in cache for "spark/partials/scripts.ftl"("en_IN", UTF-8, parsed); will try to load it.
DEBUG	2022-12-01 16:52:02,189	329	freemarker.cache	[main]	TemplateLoader.findTemplateSource("spark/partials/scripts_en_IN.ftl"): Not found
DEBUG	2022-12-01 16:52:02,189	329	freemarker.cache	[main]	TemplateLoader.findTemplateSource("spark/partials/scripts_en.ftl"): Not found
DEBUG	2022-12-01 16:52:02,189	329	freemarker.cache	[main]	TemplateLoader.findTemplateSource("spark/partials/scripts.ftl"): Found
DEBUG	2022-12-01 16:52:02,190	330	freemarker.cache	[main]	Loading template for "spark/partials/scripts.ftl"("en_IN", UTF-8, parsed) from "jar:file:/home/waioz/.m2/repository/com/aventstack/extentreports/5.0.9/extentreports-5.0.9.jar!/com/aventstack/extentreports/templates/spark/partials/scripts.ftl"
DEBUG	2022-12-01 16:52:02,193	333	freemarker.cache	[main]	Couldn't find template in cache for "commons/commons-inject-js.ftl"("en_IN", UTF-8, parsed); will try to load it.
DEBUG	2022-12-01 16:52:02,193	333	freemarker.cache	[main]	TemplateLoader.findTemplateSource("commons/commons-inject-js_en_IN.ftl"): Not found
DEBUG	2022-12-01 16:52:02,193	333	freemarker.cache	[main]	TemplateLoader.findTemplateSource("commons/commons-inject-js_en.ftl"): Not found
DEBUG	2022-12-01 16:52:02,194	334	freemarker.cache	[main]	TemplateLoader.findTemplateSource("commons/commons-inject-js.ftl"): Found
DEBUG	2022-12-01 16:52:02,194	334	freemarker.cache	[main]	Loading template for "commons/commons-inject-js.ftl"("en_IN", UTF-8, parsed) from "jar:file:/home/waioz/.m2/repository/com/aventstack/extentreports/5.0.9/extentreports-5.0.9.jar!/com/aventstack/extentreports/templates/commons/commons-inject-js.ftl"
DEBUG	2022-12-01 17:13:53,991	0	freemarker.cache	[main]	Couldn't find template in cache for "spark/spark.spa.ftl"("en_IN", UTF-8, parsed); will try to load it.
DEBUG	2022-12-01 17:13:53,992	1	freemarker.cache	[main]	TemplateLoader.findTemplateSource("spark/spark.spa_en_IN.ftl"): Not found
DEBUG	2022-12-01 17:13:53,993	2	freemarker.cache	[main]	TemplateLoader.findTemplateSource("spark/spark.spa_en.ftl"): Not found
DEBUG	2022-12-01 17:13:53,994	3	freemarker.cache	[main]	TemplateLoader.findTemplateSource("spark/spark.spa.ftl"): Found
DEBUG	2022-12-01 17:13:53,994	3	freemarker.cache	[main]	Loading template for "spark/spark.spa.ftl"("en_IN", UTF-8, parsed) from "jar:file:/home/waioz/.m2/repository/com/aventstack/extentreports/5.0.9/extentreports-5.0.9.jar!/com/aventstack/extentreports/templates/spark/spark.spa.ftl"
DEBUG	2022-12-01 17:13:54,044	53	freemarker.cache	[main]	Couldn't find template in cache for "commons/commons-variables.ftl"("en_IN", UTF-8, parsed); will try to load it.
DEBUG	2022-12-01 17:13:54,044	53	freemarker.cache	[main]	TemplateLoader.findTemplateSource("commons/commons-variables_en_IN.ftl"): Not found
DEBUG	2022-12-01 17:13:54,044	53	freemarker.cache	[main]	TemplateLoader.findTemplateSource("commons/commons-variables_en.ftl"): Not found
DEBUG	2022-12-01 17:13:54,045	54	freemarker.cache	[main]	TemplateLoader.findTemplateSource("commons/commons-variables.ftl"): Found
DEBUG	2022-12-01 17:13:54,045	54	freemarker.cache	[main]	Loading template for "commons/commons-variables.ftl"("en_IN", UTF-8, parsed) from "jar:file:/home/waioz/.m2/repository/com/aventstack/extentreports/5.0.9/extentreports-5.0.9.jar!/com/aventstack/extentreports/templates/commons/commons-variables.ftl"
DEBUG	2022-12-01 17:13:54,130	139	freemarker.cache	[main]	Couldn't find template in cache for "commons/commons-macros.ftl"("en_IN", UTF-8, parsed); will try to load it.
DEBUG	2022-12-01 17:13:54,130	139	freemarker.cache	[main]	TemplateLoader.findTemplateSource("commons/commons-macros_en_IN.ftl"): Not found
DEBUG	2022-12-01 17:13:54,130	139	freemarker.cache	[main]	TemplateLoader.findTemplateSource("commons/commons-macros_en.ftl"): Not found
DEBUG	2022-12-01 17:13:54,131	140	freemarker.cache	[main]	TemplateLoader.findTemplateSource("commons/commons-macros.ftl"): Found
DEBUG	2022-12-01 17:13:54,131	140	freemarker.cache	[main]	Loading template for "commons/commons-macros.ftl"("en_IN", UTF-8, parsed) from "jar:file:/home/waioz/.m2/repository/com/aventstack/extentreports/5.0.9/extentreports-5.0.9.jar!/com/aventstack/extentreports/templates/commons/commons-macros.ftl"
DEBUG	2022-12-01 17:13:54,142	151	freemarker.cache	[main]	Couldn't find template in cache for "spark/macros/attributes.ftl"("en_IN", UTF-8, parsed); will try to load it.
DEBUG	2022-12-01 17:13:54,143	152	freemarker.cache	[main]	TemplateLoader.findTemplateSource("spark/macros/attributes_en_IN.ftl"): Not found
DEBUG	2022-12-01 17:13:54,143	152	freemarker.cache	[main]	TemplateLoader.findTemplateSource("spark/macros/attributes_en.ftl"): Not found
DEBUG	2022-12-01 17:13:54,143	152	freemarker.cache	[main]	TemplateLoader.findTemplateSource("spark/macros/attributes.ftl"): Found
DEBUG	2022-12-01 17:13:54,143	152	freemarker.cache	[main]	Loading template for "spark/macros/attributes.ftl"("en_IN", UTF-8, parsed) from "jar:file:/home/waioz/.m2/repository/com/aventstack/extentreports/5.0.9/extentreports-5.0.9.jar!/com/aventstack/extentreports/templates/spark/macros/attributes.ftl"
DEBUG	2022-12-01 17:13:54,145	154	freemarker.cache	[main]	Couldn't find template in cache for "spark/macros/log.ftl"("en_IN", UTF-8, parsed); will try to load it.
DEBUG	2022-12-01 17:13:54,146	155	freemarker.cache	[main]	TemplateLoader.findTemplateSource("spark/macros/log_en_IN.ftl"): Not found
DEBUG	2022-12-01 17:13:54,146	155	freemarker.cache	[main]	TemplateLoader.findTemplateSource("spark/macros/log_en.ftl"): Not found
DEBUG	2022-12-01 17:13:54,146	155	freemarker.cache	[main]	TemplateLoader.findTemplateSource("spark/macros/log.ftl"): Found
DEBUG	2022-12-01 17:13:54,146	155	freemarker.cache	[main]	Loading template for "spark/macros/log.ftl"("en_IN", UTF-8, parsed) from "jar:file:/home/waioz/.m2/repository/com/aventstack/extentreports/5.0.9/extentreports-5.0.9.jar!/com/aventstack/extentreports/templates/spark/macros/log.ftl"
DEBUG	2022-12-01 17:13:54,148	157	freemarker.cache	[main]	Couldn't find template in cache for "spark/macros/recurse_nodes.ftl"("en_IN", UTF-8, parsed); will try to load it.
DEBUG	2022-12-01 17:13:54,148	157	freemarker.cache	[main]	TemplateLoader.findTemplateSource("spark/macros/recurse_nodes_en_IN.ftl"): Not found
DEBUG	2022-12-01 17:13:54,148	157	freemarker.cache	[main]	TemplateLoader.findTemplateSource("spark/macros/recurse_nodes_en.ftl"): Not found
DEBUG	2022-12-01 17:13:54,149	158	freemarker.cache	[main]	TemplateLoader.findTemplateSource("spark/macros/recurse_nodes.ftl"): Found
DEBUG	2022-12-01 17:13:54,149	158	freemarker.cache	[main]	Loading template for "spark/macros/recurse_nodes.ftl"("en_IN", UTF-8, parsed) from "jar:file:/home/waioz/.m2/repository/com/aventstack/extentreports/5.0.9/extentreports-5.0.9.jar!/com/aventstack/extentreports/templates/spark/macros/recurse_nodes.ftl"
DEBUG	2022-12-01 17:13:54,152	161	freemarker.cache	[main]	"spark/macros/log.ftl"("en_IN", UTF-8, parsed) cached copy not yet stale; using cached.
DEBUG	2022-12-01 17:13:54,153	162	freemarker.cache	[main]	Couldn't find template in cache for "spark/macros/attr-common.ftl"("en_IN", UTF-8, parsed); will try to load it.
DEBUG	2022-12-01 17:13:54,153	162	freemarker.cache	[main]	TemplateLoader.findTemplateSource("spark/macros/attr-common_en_IN.ftl"): Not found
DEBUG	2022-12-01 17:13:54,153	162	freemarker.cache	[main]	TemplateLoader.findTemplateSource("spark/macros/attr-common_en.ftl"): Not found
DEBUG	2022-12-01 17:13:54,153	162	freemarker.cache	[main]	TemplateLoader.findTemplateSource("spark/macros/attr-common.ftl"): Found
DEBUG	2022-12-01 17:13:54,153	162	freemarker.cache	[main]	Loading template for "spark/macros/attr-common.ftl"("en_IN", UTF-8, parsed) from "jar:file:/home/waioz/.m2/repository/com/aventstack/extentreports/5.0.9/extentreports-5.0.9.jar!/com/aventstack/extentreports/templates/spark/macros/attr-common.ftl"
DEBUG	2022-12-01 17:13:54,160	169	freemarker.cache	[main]	Couldn't find template in cache for "spark/partials/head.ftl"("en_IN", UTF-8, parsed); will try to load it.
DEBUG	2022-12-01 17:13:54,160	169	freemarker.cache	[main]	TemplateLoader.findTemplateSource("spark/partials/head_en_IN.ftl"): Not found
DEBUG	2022-12-01 17:13:54,160	169	freemarker.cache	[main]	TemplateLoader.findTemplateSource("spark/partials/head_en.ftl"): Not found
DEBUG	2022-12-01 17:13:54,161	170	freemarker.cache	[main]	TemplateLoader.findTemplateSource("spark/partials/head.ftl"): Found
DEBUG	2022-12-01 17:13:54,161	170	freemarker.cache	[main]	Loading template for "spark/partials/head.ftl"("en_IN", UTF-8, parsed) from "jar:file:/home/waioz/.m2/repository/com/aventstack/extentreports/5.0.9/extentreports-5.0.9.jar!/com/aventstack/extentreports/templates/spark/partials/head.ftl"
DEBUG	2022-12-01 17:13:54,164	173	freemarker.cache	[main]	Couldn't find template in cache for "commons/commons-inject-css.ftl"("en_IN", UTF-8, parsed); will try to load it.
DEBUG	2022-12-01 17:13:54,164	173	freemarker.cache	[main]	TemplateLoader.findTemplateSource("commons/commons-inject-css_en_IN.ftl"): Not found
DEBUG	2022-12-01 17:13:54,164	173	freemarker.cache	[main]	TemplateLoader.findTemplateSource("commons/commons-inject-css_en.ftl"): Not found
DEBUG	2022-12-01 17:13:54,165	174	freemarker.cache	[main]	TemplateLoader.findTemplateSource("commons/commons-inject-css.ftl"): Found
DEBUG	2022-12-01 17:13:54,165	174	freemarker.cache	[main]	Loading template for "commons/commons-inject-css.ftl"("en_IN", UTF-8, parsed) from "jar:file:/home/waioz/.m2/repository/com/aventstack/extentreports/5.0.9/extentreports-5.0.9.jar!/com/aventstack/extentreports/templates/commons/commons-inject-css.ftl"
DEBUG	2022-12-01 17:13:54,165	174	freemarker.cache	[main]	Couldn't find template in cache for "spark/partials/navbar.ftl"("en_IN", UTF-8, parsed); will try to load it.
DEBUG	2022-12-01 17:13:54,166	175	freemarker.cache	[main]	TemplateLoader.findTemplateSource("spark/partials/navbar_en_IN.ftl"): Not found
DEBUG	2022-12-01 17:13:54,166	175	freemarker.cache	[main]	TemplateLoader.findTemplateSource("spark/partials/navbar_en.ftl"): Not found
DEBUG	2022-12-01 17:13:54,166	175	freemarker.cache	[main]	TemplateLoader.findTemplateSource("spark/partials/navbar.ftl"): Found
DEBUG	2022-12-01 17:13:54,166	175	freemarker.cache	[main]	Loading template for "spark/partials/navbar.ftl"("en_IN", UTF-8, parsed) from "jar:file:/home/waioz/.m2/repository/com/aventstack/extentreports/5.0.9/extentreports-5.0.9.jar!/com/aventstack/extentreports/templates/spark/partials/navbar.ftl"
DEBUG	2022-12-01 17:13:54,171	180	freemarker.cache	[main]	Couldn't find template in cache for "spark/partials/sidenav.ftl"("en_IN", UTF-8, parsed); will try to load it.
DEBUG	2022-12-01 17:13:54,172	181	freemarker.cache	[main]	TemplateLoader.findTemplateSource("spark/partials/sidenav_en_IN.ftl"): Not found
DEBUG	2022-12-01 17:13:54,172	181	freemarker.cache	[main]	TemplateLoader.findTemplateSource("spark/partials/sidenav_en.ftl"): Not found
DEBUG	2022-12-01 17:13:54,172	181	freemarker.cache	[main]	TemplateLoader.findTemplateSource("spark/partials/sidenav.ftl"): Found
DEBUG	2022-12-01 17:13:54,172	181	freemarker.cache	[main]	Loading template for "spark/partials/sidenav.ftl"("en_IN", UTF-8, parsed) from "jar:file:/home/waioz/.m2/repository/com/aventstack/extentreports/5.0.9/extentreports-5.0.9.jar!/com/aventstack/extentreports/templates/spark/partials/sidenav.ftl"
DEBUG	2022-12-01 17:13:54,185	194	freemarker.cache	[main]	Couldn't find template in cache for "spark/partials/test.ftl"("en_IN", UTF-8, parsed); will try to load it.
DEBUG	2022-12-01 17:13:54,185	194	freemarker.cache	[main]	TemplateLoader.findTemplateSource("spark/partials/test_en_IN.ftl"): Not found
DEBUG	2022-12-01 17:13:54,185	194	freemarker.cache	[main]	TemplateLoader.findTemplateSource("spark/partials/test_en.ftl"): Not found
DEBUG	2022-12-01 17:13:54,186	195	freemarker.cache	[main]	TemplateLoader.findTemplateSource("spark/partials/test.ftl"): Found
DEBUG	2022-12-01 17:13:54,186	195	freemarker.cache	[main]	Loading template for "spark/partials/test.ftl"("en_IN", UTF-8, parsed) from "jar:file:/home/waioz/.m2/repository/com/aventstack/extentreports/5.0.9/extentreports-5.0.9.jar!/com/aventstack/extentreports/templates/spark/partials/test.ftl"
DEBUG	2022-12-01 17:13:54,202	211	freemarker.cache	[main]	Couldn't find template in cache for "spark/partials/standard-content.ftl"("en_IN", UTF-8, parsed); will try to load it.
DEBUG	2022-12-01 17:13:54,202	211	freemarker.cache	[main]	TemplateLoader.findTemplateSource("spark/partials/standard-content_en_IN.ftl"): Not found
DEBUG	2022-12-01 17:13:54,203	212	freemarker.cache	[main]	TemplateLoader.findTemplateSource("spark/partials/standard-content_en.ftl"): Not found
DEBUG	2022-12-01 17:13:54,203	212	freemarker.cache	[main]	TemplateLoader.findTemplateSource("spark/partials/standard-content.ftl"): Found
DEBUG	2022-12-01 17:13:54,204	213	freemarker.cache	[main]	Loading template for "spark/partials/standard-content.ftl"("en_IN", UTF-8, parsed) from "jar:file:/home/waioz/.m2/repository/com/aventstack/extentreports/5.0.9/extentreports-5.0.9.jar!/com/aventstack/extentreports/templates/spark/partials/standard-content.ftl"
DEBUG	2022-12-01 17:13:54,210	219	freemarker.cache	[main]	Couldn't find template in cache for "spark/partials/exception.ftl"("en_IN", UTF-8, parsed); will try to load it.
DEBUG	2022-12-01 17:13:54,211	220	freemarker.cache	[main]	TemplateLoader.findTemplateSource("spark/partials/exception_en_IN.ftl"): Not found
DEBUG	2022-12-01 17:13:54,211	220	freemarker.cache	[main]	TemplateLoader.findTemplateSource("spark/partials/exception_en.ftl"): Not found
DEBUG	2022-12-01 17:13:54,211	220	freemarker.cache	[main]	TemplateLoader.findTemplateSource("spark/partials/exception.ftl"): Found
DEBUG	2022-12-01 17:13:54,211	220	freemarker.cache	[main]	Loading template for "spark/partials/exception.ftl"("en_IN", UTF-8, parsed) from "jar:file:/home/waioz/.m2/repository/com/aventstack/extentreports/5.0.9/extentreports-5.0.9.jar!/com/aventstack/extentreports/templates/spark/partials/exception.ftl"
DEBUG	2022-12-01 17:13:54,212	221	freemarker.cache	[main]	Couldn't find template in cache for "spark/partials/category.ftl"("en_IN", UTF-8, parsed); will try to load it.
DEBUG	2022-12-01 17:13:54,213	222	freemarker.cache	[main]	TemplateLoader.findTemplateSource("spark/partials/category_en_IN.ftl"): Not found
DEBUG	2022-12-01 17:13:54,213	222	freemarker.cache	[main]	TemplateLoader.findTemplateSource("spark/partials/category_en.ftl"): Not found
DEBUG	2022-12-01 17:13:54,213	222	freemarker.cache	[main]	TemplateLoader.findTemplateSource("spark/partials/category.ftl"): Found
DEBUG	2022-12-01 17:13:54,213	222	freemarker.cache	[main]	Loading template for "spark/partials/category.ftl"("en_IN", UTF-8, parsed) from "jar:file:/home/waioz/.m2/repository/com/aventstack/extentreports/5.0.9/extentreports-5.0.9.jar!/com/aventstack/extentreports/templates/spark/partials/category.ftl"
DEBUG	2022-12-01 17:13:54,214	223	freemarker.cache	[main]	Couldn't find template in cache for "spark/partials/device.ftl"("en_IN", UTF-8, parsed); will try to load it.
DEBUG	2022-12-01 17:13:54,215	224	freemarker.cache	[main]	TemplateLoader.findTemplateSource("spark/partials/device_en_IN.ftl"): Not found
DEBUG	2022-12-01 17:13:54,215	224	freemarker.cache	[main]	TemplateLoader.findTemplateSource("spark/partials/device_en.ftl"): Not found
DEBUG	2022-12-01 17:13:54,215	224	freemarker.cache	[main]	TemplateLoader.findTemplateSource("spark/partials/device.ftl"): Found
DEBUG	2022-12-01 17:13:54,215	224	freemarker.cache	[main]	Loading template for "spark/partials/device.ftl"("en_IN", UTF-8, parsed) from "jar:file:/home/waioz/.m2/repository/com/aventstack/extentreports/5.0.9/extentreports-5.0.9.jar!/com/aventstack/extentreports/templates/spark/partials/device.ftl"
DEBUG	2022-12-01 17:13:54,216	225	freemarker.cache	[main]	Couldn't find template in cache for "spark/partials/author.ftl"("en_IN", UTF-8, parsed); will try to load it.
DEBUG	2022-12-01 17:13:54,217	226	freemarker.cache	[main]	TemplateLoader.findTemplateSource("spark/partials/author_en_IN.ftl"): Not found
DEBUG	2022-12-01 17:13:54,217	226	freemarker.cache	[main]	TemplateLoader.findTemplateSource("spark/partials/author_en.ftl"): Not found
DEBUG	2022-12-01 17:13:54,217	226	freemarker.cache	[main]	TemplateLoader.findTemplateSource("spark/partials/author.ftl"): Found
DEBUG	2022-12-01 17:13:54,217	226	freemarker.cache	[main]	Loading template for "spark/partials/author.ftl"("en_IN", UTF-8, parsed) from "jar:file:/home/waioz/.m2/repository/com/aventstack/extentreports/5.0.9/extentreports-5.0.9.jar!/com/aventstack/extentreports/templates/spark/partials/author.ftl"
DEBUG	2022-12-01 17:13:54,218	227	freemarker.cache	[main]	Couldn't find template in cache for "spark/partials/log.ftl"("en_IN", UTF-8, parsed); will try to load it.
DEBUG	2022-12-01 17:13:54,219	228	freemarker.cache	[main]	TemplateLoader.findTemplateSource("spark/partials/log_en_IN.ftl"): Not found
DEBUG	2022-12-01 17:13:54,219	228	freemarker.cache	[main]	TemplateLoader.findTemplateSource("spark/partials/log_en.ftl"): Not found
DEBUG	2022-12-01 17:13:54,219	228	freemarker.cache	[main]	TemplateLoader.findTemplateSource("spark/partials/log.ftl"): Found
DEBUG	2022-12-01 17:13:54,219	228	freemarker.cache	[main]	Loading template for "spark/partials/log.ftl"("en_IN", UTF-8, parsed) from "jar:file:/home/waioz/.m2/repository/com/aventstack/extentreports/5.0.9/extentreports-5.0.9.jar!/com/aventstack/extentreports/templates/spark/partials/log.ftl"
DEBUG	2022-12-01 17:13:54,220	229	freemarker.cache	[main]	Couldn't find template in cache for "spark/partials/dashboard.ftl"("en_IN", UTF-8, parsed); will try to load it.
DEBUG	2022-12-01 17:13:54,221	230	freemarker.cache	[main]	TemplateLoader.findTemplateSource("spark/partials/dashboard_en_IN.ftl"): Not found
DEBUG	2022-12-01 17:13:54,221	230	freemarker.cache	[main]	TemplateLoader.findTemplateSource("spark/partials/dashboard_en.ftl"): Not found
DEBUG	2022-12-01 17:13:54,221	230	freemarker.cache	[main]	TemplateLoader.findTemplateSource("spark/partials/dashboard.ftl"): Found
DEBUG	2022-12-01 17:13:54,222	231	freemarker.cache	[main]	Loading template for "spark/partials/dashboard.ftl"("en_IN", UTF-8, parsed) from "jar:file:/home/waioz/.m2/repository/com/aventstack/extentreports/5.0.9/extentreports-5.0.9.jar!/com/aventstack/extentreports/templates/spark/partials/dashboard.ftl"
DEBUG	2022-12-01 17:13:54,281	290	freemarker.cache	[main]	Couldn't find template in cache for "spark/partials/scripts.ftl"("en_IN", UTF-8, parsed); will try to load it.
DEBUG	2022-12-01 17:13:54,281	290	freemarker.cache	[main]	TemplateLoader.findTemplateSource("spark/partials/scripts_en_IN.ftl"): Not found
DEBUG	2022-12-01 17:13:54,282	291	freemarker.cache	[main]	TemplateLoader.findTemplateSource("spark/partials/scripts_en.ftl"): Not found
DEBUG	2022-12-01 17:13:54,282	291	freemarker.cache	[main]	TemplateLoader.findTemplateSource("spark/partials/scripts.ftl"): Found
DEBUG	2022-12-01 17:13:54,282	291	freemarker.cache	[main]	Loading template for "spark/partials/scripts.ftl"("en_IN", UTF-8, parsed) from "jar:file:/home/waioz/.m2/repository/com/aventstack/extentreports/5.0.9/extentreports-5.0.9.jar!/com/aventstack/extentreports/templates/spark/partials/scripts.ftl"
DEBUG	2022-12-01 17:13:54,283	292	freemarker.cache	[main]	Couldn't find template in cache for "commons/commons-inject-js.ftl"("en_IN", UTF-8, parsed); will try to load it.
DEBUG	2022-12-01 17:13:54,284	293	freemarker.cache	[main]	TemplateLoader.findTemplateSource("commons/commons-inject-js_en_IN.ftl"): Not found
DEBUG	2022-12-01 17:13:54,284	293	freemarker.cache	[main]	TemplateLoader.findTemplateSource("commons/commons-inject-js_en.ftl"): Not found
DEBUG	2022-12-01 17:13:54,284	293	freemarker.cache	[main]	TemplateLoader.findTemplateSource("commons/commons-inject-js.ftl"): Found
DEBUG	2022-12-01 17:13:54,284	293	freemarker.cache	[main]	Loading template for "commons/commons-inject-js.ftl"("en_IN", UTF-8, parsed) from "jar:file:/home/waioz/.m2/repository/com/aventstack/extentreports/5.0.9/extentreports-5.0.9.jar!/com/aventstack/extentreports/templates/commons/commons-inject-js.ftl"
INFO	2022-12-01 17:14:03,571	0	nopCommerce	[main]	URL opened
INFO	2022-12-01 17:14:05,015	1444	nopCommerce	[main]	Registerlink is clicked
INFO	2022-12-01 17:14:05,085	1514	nopCommerce	[main]	Female Radio button is clicked
INFO	2022-12-01 17:14:05,154	1583	nopCommerce	[main]	First name is entered
INFO	2022-12-01 17:14:05,233	1662	nopCommerce	[main]	First name is entered
INFO	2022-12-01 17:14:05,387	1816	nopCommerce	[main]	Day is Selected
INFO	2022-12-01 17:14:05,521	1950	nopCommerce	[main]	Month is Selected
INFO	2022-12-01 17:14:05,659	2088	nopCommerce	[main]	Year is Selected
INFO	2022-12-01 17:14:05,744	2173	nopCommerce	[main]	Email is entered
INFO	2022-12-01 17:14:05,824	2253	nopCommerce	[main]	Company name is enterd
INFO	2022-12-01 17:14:05,897	2326	nopCommerce	[main]	Password is entered
INFO	2022-12-01 17:14:05,970	2399	nopCommerce	[main]	Confirm password is entered
INFO	2022-12-01 17:14:06,984	3413	nopCommerce	[main]	Submit button is clicked
INFO	2022-12-01 17:14:09,025	5454	nopCommerce	[main]	Test Case is Passed
DEBUG	2022-12-01 17:14:09,067	5496	freemarker.cache	[main]	Couldn't find template in cache for "spark/spark.spa.ftl"("en_IN", UTF-8, parsed); will try to load it.
DEBUG	2022-12-01 17:14:09,068	5497	freemarker.cache	[main]	TemplateLoader.findTemplateSource("spark/spark.spa_en_IN.ftl"): Not found
DEBUG	2022-12-01 17:14:09,069	5498	freemarker.cache	[main]	TemplateLoader.findTemplateSource("spark/spark.spa_en.ftl"): Not found
DEBUG	2022-12-01 17:14:09,069	5498	freemarker.cache	[main]	TemplateLoader.findTemplateSource("spark/spark.spa.ftl"): Found
DEBUG	2022-12-01 17:14:09,069	5498	freemarker.cache	[main]	Loading template for "spark/spark.spa.ftl"("en_IN", UTF-8, parsed) from "jar:file:/home/waioz/.m2/repository/com/aventstack/extentreports/5.0.9/extentreports-5.0.9.jar!/com/aventstack/extentreports/templates/spark/spark.spa.ftl"
DEBUG	2022-12-01 17:14:09,117	5546	freemarker.cache	[main]	Couldn't find template in cache for "commons/commons-variables.ftl"("en_IN", UTF-8, parsed); will try to load it.
DEBUG	2022-12-01 17:14:09,117	5546	freemarker.cache	[main]	TemplateLoader.findTemplateSource("commons/commons-variables_en_IN.ftl"): Not found
DEBUG	2022-12-01 17:14:09,118	5547	freemarker.cache	[main]	TemplateLoader.findTemplateSource("commons/commons-variables_en.ftl"): Not found
DEBUG	2022-12-01 17:14:09,118	5547	freemarker.cache	[main]	TemplateLoader.findTemplateSource("commons/commons-variables.ftl"): Found
DEBUG	2022-12-01 17:14:09,118	5547	freemarker.cache	[main]	Loading template for "commons/commons-variables.ftl"("en_IN", UTF-8, parsed) from "jar:file:/home/waioz/.m2/repository/com/aventstack/extentreports/5.0.9/extentreports-5.0.9.jar!/com/aventstack/extentreports/templates/commons/commons-variables.ftl"
DEBUG	2022-12-01 17:14:09,201	5630	freemarker.cache	[main]	Couldn't find template in cache for "commons/commons-macros.ftl"("en_IN", UTF-8, parsed); will try to load it.
DEBUG	2022-12-01 17:14:09,201	5630	freemarker.cache	[main]	TemplateLoader.findTemplateSource("commons/commons-macros_en_IN.ftl"): Not found
DEBUG	2022-12-01 17:14:09,202	5631	freemarker.cache	[main]	TemplateLoader.findTemplateSource("commons/commons-macros_en.ftl"): Not found
DEBUG	2022-12-01 17:14:09,202	5631	freemarker.cache	[main]	TemplateLoader.findTemplateSource("commons/commons-macros.ftl"): Found
DEBUG	2022-12-01 17:14:09,202	5631	freemarker.cache	[main]	Loading template for "commons/commons-macros.ftl"("en_IN", UTF-8, parsed) from "jar:file:/home/waioz/.m2/repository/com/aventstack/extentreports/5.0.9/extentreports-5.0.9.jar!/com/aventstack/extentreports/templates/commons/commons-macros.ftl"
DEBUG	2022-12-01 17:14:09,214	5643	freemarker.cache	[main]	Couldn't find template in cache for "spark/macros/attributes.ftl"("en_IN", UTF-8, parsed); will try to load it.
DEBUG	2022-12-01 17:14:09,214	5643	freemarker.cache	[main]	TemplateLoader.findTemplateSource("spark/macros/attributes_en_IN.ftl"): Not found
DEBUG	2022-12-01 17:14:09,214	5643	freemarker.cache	[main]	TemplateLoader.findTemplateSource("spark/macros/attributes_en.ftl"): Not found
DEBUG	2022-12-01 17:14:09,215	5644	freemarker.cache	[main]	TemplateLoader.findTemplateSource("spark/macros/attributes.ftl"): Found
DEBUG	2022-12-01 17:14:09,215	5644	freemarker.cache	[main]	Loading template for "spark/macros/attributes.ftl"("en_IN", UTF-8, parsed) from "jar:file:/home/waioz/.m2/repository/com/aventstack/extentreports/5.0.9/extentreports-5.0.9.jar!/com/aventstack/extentreports/templates/spark/macros/attributes.ftl"
DEBUG	2022-12-01 17:14:09,217	5646	freemarker.cache	[main]	Couldn't find template in cache for "spark/macros/log.ftl"("en_IN", UTF-8, parsed); will try to load it.
DEBUG	2022-12-01 17:14:09,217	5646	freemarker.cache	[main]	TemplateLoader.findTemplateSource("spark/macros/log_en_IN.ftl"): Not found
DEBUG	2022-12-01 17:14:09,218	5647	freemarker.cache	[main]	TemplateLoader.findTemplateSource("spark/macros/log_en.ftl"): Not found
DEBUG	2022-12-01 17:14:09,218	5647	freemarker.cache	[main]	TemplateLoader.findTemplateSource("spark/macros/log.ftl"): Found
DEBUG	2022-12-01 17:14:09,218	5647	freemarker.cache	[main]	Loading template for "spark/macros/log.ftl"("en_IN", UTF-8, parsed) from "jar:file:/home/waioz/.m2/repository/com/aventstack/extentreports/5.0.9/extentreports-5.0.9.jar!/com/aventstack/extentreports/templates/spark/macros/log.ftl"
DEBUG	2022-12-01 17:14:09,220	5649	freemarker.cache	[main]	Couldn't find template in cache for "spark/macros/recurse_nodes.ftl"("en_IN", UTF-8, parsed); will try to load it.
DEBUG	2022-12-01 17:14:09,220	5649	freemarker.cache	[main]	TemplateLoader.findTemplateSource("spark/macros/recurse_nodes_en_IN.ftl"): Not found
DEBUG	2022-12-01 17:14:09,221	5650	freemarker.cache	[main]	TemplateLoader.findTemplateSource("spark/macros/recurse_nodes_en.ftl"): Not found
DEBUG	2022-12-01 17:14:09,221	5650	freemarker.cache	[main]	TemplateLoader.findTemplateSource("spark/macros/recurse_nodes.ftl"): Found
DEBUG	2022-12-01 17:14:09,221	5650	freemarker.cache	[main]	Loading template for "spark/macros/recurse_nodes.ftl"("en_IN", UTF-8, parsed) from "jar:file:/home/waioz/.m2/repository/com/aventstack/extentreports/5.0.9/extentreports-5.0.9.jar!/com/aventstack/extentreports/templates/spark/macros/recurse_nodes.ftl"
DEBUG	2022-12-01 17:14:09,225	5654	freemarker.cache	[main]	"spark/macros/log.ftl"("en_IN", UTF-8, parsed) cached copy not yet stale; using cached.
DEBUG	2022-12-01 17:14:09,225	5654	freemarker.cache	[main]	Couldn't find template in cache for "spark/macros/attr-common.ftl"("en_IN", UTF-8, parsed); will try to load it.
DEBUG	2022-12-01 17:14:09,226	5655	freemarker.cache	[main]	TemplateLoader.findTemplateSource("spark/macros/attr-common_en_IN.ftl"): Not found
DEBUG	2022-12-01 17:14:09,226	5655	freemarker.cache	[main]	TemplateLoader.findTemplateSource("spark/macros/attr-common_en.ftl"): Not found
DEBUG	2022-12-01 17:14:09,226	5655	freemarker.cache	[main]	TemplateLoader.findTemplateSource("spark/macros/attr-common.ftl"): Found
DEBUG	2022-12-01 17:14:09,226	5655	freemarker.cache	[main]	Loading template for "spark/macros/attr-common.ftl"("en_IN", UTF-8, parsed) from "jar:file:/home/waioz/.m2/repository/com/aventstack/extentreports/5.0.9/extentreports-5.0.9.jar!/com/aventstack/extentreports/templates/spark/macros/attr-common.ftl"
DEBUG	2022-12-01 17:14:09,233	5662	freemarker.cache	[main]	Couldn't find template in cache for "spark/partials/head.ftl"("en_IN", UTF-8, parsed); will try to load it.
DEBUG	2022-12-01 17:14:09,233	5662	freemarker.cache	[main]	TemplateLoader.findTemplateSource("spark/partials/head_en_IN.ftl"): Not found
DEBUG	2022-12-01 17:14:09,233	5662	freemarker.cache	[main]	TemplateLoader.findTemplateSource("spark/partials/head_en.ftl"): Not found
DEBUG	2022-12-01 17:14:09,234	5663	freemarker.cache	[main]	TemplateLoader.findTemplateSource("spark/partials/head.ftl"): Found
DEBUG	2022-12-01 17:14:09,234	5663	freemarker.cache	[main]	Loading template for "spark/partials/head.ftl"("en_IN", UTF-8, parsed) from "jar:file:/home/waioz/.m2/repository/com/aventstack/extentreports/5.0.9/extentreports-5.0.9.jar!/com/aventstack/extentreports/templates/spark/partials/head.ftl"
DEBUG	2022-12-01 17:14:09,237	5666	freemarker.cache	[main]	Couldn't find template in cache for "commons/commons-inject-css.ftl"("en_IN", UTF-8, parsed); will try to load it.
DEBUG	2022-12-01 17:14:09,237	5666	freemarker.cache	[main]	TemplateLoader.findTemplateSource("commons/commons-inject-css_en_IN.ftl"): Not found
DEBUG	2022-12-01 17:14:09,237	5666	freemarker.cache	[main]	TemplateLoader.findTemplateSource("commons/commons-inject-css_en.ftl"): Not found
DEBUG	2022-12-01 17:14:09,238	5667	freemarker.cache	[main]	TemplateLoader.findTemplateSource("commons/commons-inject-css.ftl"): Found
DEBUG	2022-12-01 17:14:09,238	5667	freemarker.cache	[main]	Loading template for "commons/commons-inject-css.ftl"("en_IN", UTF-8, parsed) from "jar:file:/home/waioz/.m2/repository/com/aventstack/extentreports/5.0.9/extentreports-5.0.9.jar!/com/aventstack/extentreports/templates/commons/commons-inject-css.ftl"
DEBUG	2022-12-01 17:14:09,239	5668	freemarker.cache	[main]	Couldn't find template in cache for "spark/partials/navbar.ftl"("en_IN", UTF-8, parsed); will try to load it.
DEBUG	2022-12-01 17:14:09,239	5668	freemarker.cache	[main]	TemplateLoader.findTemplateSource("spark/partials/navbar_en_IN.ftl"): Not found
DEBUG	2022-12-01 17:14:09,239	5668	freemarker.cache	[main]	TemplateLoader.findTemplateSource("spark/partials/navbar_en.ftl"): Not found
DEBUG	2022-12-01 17:14:09,240	5669	freemarker.cache	[main]	TemplateLoader.findTemplateSource("spark/partials/navbar.ftl"): Found
DEBUG	2022-12-01 17:14:09,240	5669	freemarker.cache	[main]	Loading template for "spark/partials/navbar.ftl"("en_IN", UTF-8, parsed) from "jar:file:/home/waioz/.m2/repository/com/aventstack/extentreports/5.0.9/extentreports-5.0.9.jar!/com/aventstack/extentreports/templates/spark/partials/navbar.ftl"
DEBUG	2022-12-01 17:14:09,245	5674	freemarker.cache	[main]	Couldn't find template in cache for "spark/partials/sidenav.ftl"("en_IN", UTF-8, parsed); will try to load it.
DEBUG	2022-12-01 17:14:09,246	5675	freemarker.cache	[main]	TemplateLoader.findTemplateSource("spark/partials/sidenav_en_IN.ftl"): Not found
DEBUG	2022-12-01 17:14:09,246	5675	freemarker.cache	[main]	TemplateLoader.findTemplateSource("spark/partials/sidenav_en.ftl"): Not found
DEBUG	2022-12-01 17:14:09,246	5675	freemarker.cache	[main]	TemplateLoader.findTemplateSource("spark/partials/sidenav.ftl"): Found
DEBUG	2022-12-01 17:14:09,246	5675	freemarker.cache	[main]	Loading template for "spark/partials/sidenav.ftl"("en_IN", UTF-8, parsed) from "jar:file:/home/waioz/.m2/repository/com/aventstack/extentreports/5.0.9/extentreports-5.0.9.jar!/com/aventstack/extentreports/templates/spark/partials/sidenav.ftl"
DEBUG	2022-12-01 17:14:09,258	5687	freemarker.cache	[main]	Couldn't find template in cache for "spark/partials/test.ftl"("en_IN", UTF-8, parsed); will try to load it.
DEBUG	2022-12-01 17:14:09,259	5688	freemarker.cache	[main]	TemplateLoader.findTemplateSource("spark/partials/test_en_IN.ftl"): Not found
DEBUG	2022-12-01 17:14:09,259	5688	freemarker.cache	[main]	TemplateLoader.findTemplateSource("spark/partials/test_en.ftl"): Not found
DEBUG	2022-12-01 17:14:09,259	5688	freemarker.cache	[main]	TemplateLoader.findTemplateSource("spark/partials/test.ftl"): Found
DEBUG	2022-12-01 17:14:09,260	5689	freemarker.cache	[main]	Loading template for "spark/partials/test.ftl"("en_IN", UTF-8, parsed) from "jar:file:/home/waioz/.m2/repository/com/aventstack/extentreports/5.0.9/extentreports-5.0.9.jar!/com/aventstack/extentreports/templates/spark/partials/test.ftl"
DEBUG	2022-12-01 17:14:09,273	5702	freemarker.cache	[main]	Couldn't find template in cache for "spark/partials/standard-content.ftl"("en_IN", UTF-8, parsed); will try to load it.
DEBUG	2022-12-01 17:14:09,273	5702	freemarker.cache	[main]	TemplateLoader.findTemplateSource("spark/partials/standard-content_en_IN.ftl"): Not found
DEBUG	2022-12-01 17:14:09,274	5703	freemarker.cache	[main]	TemplateLoader.findTemplateSource("spark/partials/standard-content_en.ftl"): Not found
DEBUG	2022-12-01 17:14:09,274	5703	freemarker.cache	[main]	TemplateLoader.findTemplateSource("spark/partials/standard-content.ftl"): Found
DEBUG	2022-12-01 17:14:09,274	5703	freemarker.cache	[main]	Loading template for "spark/partials/standard-content.ftl"("en_IN", UTF-8, parsed) from "jar:file:/home/waioz/.m2/repository/com/aventstack/extentreports/5.0.9/extentreports-5.0.9.jar!/com/aventstack/extentreports/templates/spark/partials/standard-content.ftl"
DEBUG	2022-12-01 17:14:09,280	5709	freemarker.cache	[main]	"spark/partials/standard-content.ftl"("en_IN", UTF-8, parsed) cached copy not yet stale; using cached.
DEBUG	2022-12-01 17:14:09,280	5709	freemarker.cache	[main]	Couldn't find template in cache for "spark/partials/exception.ftl"("en_IN", UTF-8, parsed); will try to load it.
DEBUG	2022-12-01 17:14:09,281	5710	freemarker.cache	[main]	TemplateLoader.findTemplateSource("spark/partials/exception_en_IN.ftl"): Not found
DEBUG	2022-12-01 17:14:09,281	5710	freemarker.cache	[main]	TemplateLoader.findTemplateSource("spark/partials/exception_en.ftl"): Not found
DEBUG	2022-12-01 17:14:09,281	5710	freemarker.cache	[main]	TemplateLoader.findTemplateSource("spark/partials/exception.ftl"): Found
DEBUG	2022-12-01 17:14:09,282	5711	freemarker.cache	[main]	Loading template for "spark/partials/exception.ftl"("en_IN", UTF-8, parsed) from "jar:file:/home/waioz/.m2/repository/com/aventstack/extentreports/5.0.9/extentreports-5.0.9.jar!/com/aventstack/extentreports/templates/spark/partials/exception.ftl"
DEBUG	2022-12-01 17:14:09,283	5712	freemarker.cache	[main]	Couldn't find template in cache for "spark/partials/category.ftl"("en_IN", UTF-8, parsed); will try to load it.
DEBUG	2022-12-01 17:14:09,283	5712	freemarker.cache	[main]	TemplateLoader.findTemplateSource("spark/partials/category_en_IN.ftl"): Not found
DEBUG	2022-12-01 17:14:09,283	5712	freemarker.cache	[main]	TemplateLoader.findTemplateSource("spark/partials/category_en.ftl"): Not found
DEBUG	2022-12-01 17:14:09,283	5712	freemarker.cache	[main]	TemplateLoader.findTemplateSource("spark/partials/category.ftl"): Found
DEBUG	2022-12-01 17:14:09,284	5713	freemarker.cache	[main]	Loading template for "spark/partials/category.ftl"("en_IN", UTF-8, parsed) from "jar:file:/home/waioz/.m2/repository/com/aventstack/extentreports/5.0.9/extentreports-5.0.9.jar!/com/aventstack/extentreports/templates/spark/partials/category.ftl"
DEBUG	2022-12-01 17:14:09,284	5713	freemarker.cache	[main]	Couldn't find template in cache for "spark/partials/device.ftl"("en_IN", UTF-8, parsed); will try to load it.
DEBUG	2022-12-01 17:14:09,285	5714	freemarker.cache	[main]	TemplateLoader.findTemplateSource("spark/partials/device_en_IN.ftl"): Not found
DEBUG	2022-12-01 17:14:09,285	5714	freemarker.cache	[main]	TemplateLoader.findTemplateSource("spark/partials/device_en.ftl"): Not found
DEBUG	2022-12-01 17:14:09,285	5714	freemarker.cache	[main]	TemplateLoader.findTemplateSource("spark/partials/device.ftl"): Found
DEBUG	2022-12-01 17:14:09,285	5714	freemarker.cache	[main]	Loading template for "spark/partials/device.ftl"("en_IN", UTF-8, parsed) from "jar:file:/home/waioz/.m2/repository/com/aventstack/extentreports/5.0.9/extentreports-5.0.9.jar!/com/aventstack/extentreports/templates/spark/partials/device.ftl"
DEBUG	2022-12-01 17:14:09,286	5715	freemarker.cache	[main]	Couldn't find template in cache for "spark/partials/author.ftl"("en_IN", UTF-8, parsed); will try to load it.
DEBUG	2022-12-01 17:14:09,287	5716	freemarker.cache	[main]	TemplateLoader.findTemplateSource("spark/partials/author_en_IN.ftl"): Not found
DEBUG	2022-12-01 17:14:09,287	5716	freemarker.cache	[main]	TemplateLoader.findTemplateSource("spark/partials/author_en.ftl"): Not found
DEBUG	2022-12-01 17:14:09,287	5716	freemarker.cache	[main]	TemplateLoader.findTemplateSource("spark/partials/author.ftl"): Found
DEBUG	2022-12-01 17:14:09,288	5717	freemarker.cache	[main]	Loading template for "spark/partials/author.ftl"("en_IN", UTF-8, parsed) from "jar:file:/home/waioz/.m2/repository/com/aventstack/extentreports/5.0.9/extentreports-5.0.9.jar!/com/aventstack/extentreports/templates/spark/partials/author.ftl"
DEBUG	2022-12-01 17:14:09,289	5718	freemarker.cache	[main]	Couldn't find template in cache for "spark/partials/log.ftl"("en_IN", UTF-8, parsed); will try to load it.
DEBUG	2022-12-01 17:14:09,289	5718	freemarker.cache	[main]	TemplateLoader.findTemplateSource("spark/partials/log_en_IN.ftl"): Not found
DEBUG	2022-12-01 17:14:09,289	5718	freemarker.cache	[main]	TemplateLoader.findTemplateSource("spark/partials/log_en.ftl"): Not found
DEBUG	2022-12-01 17:14:09,289	5718	freemarker.cache	[main]	TemplateLoader.findTemplateSource("spark/partials/log.ftl"): Found
DEBUG	2022-12-01 17:14:09,290	5719	freemarker.cache	[main]	Loading template for "spark/partials/log.ftl"("en_IN", UTF-8, parsed) from "jar:file:/home/waioz/.m2/repository/com/aventstack/extentreports/5.0.9/extentreports-5.0.9.jar!/com/aventstack/extentreports/templates/spark/partials/log.ftl"
DEBUG	2022-12-01 17:14:09,291	5720	freemarker.cache	[main]	Couldn't find template in cache for "spark/partials/dashboard.ftl"("en_IN", UTF-8, parsed); will try to load it.
DEBUG	2022-12-01 17:14:09,291	5720	freemarker.cache	[main]	TemplateLoader.findTemplateSource("spark/partials/dashboard_en_IN.ftl"): Not found
DEBUG	2022-12-01 17:14:09,291	5720	freemarker.cache	[main]	TemplateLoader.findTemplateSource("spark/partials/dashboard_en.ftl"): Not found
DEBUG	2022-12-01 17:14:09,292	5721	freemarker.cache	[main]	TemplateLoader.findTemplateSource("spark/partials/dashboard.ftl"): Found
DEBUG	2022-12-01 17:14:09,292	5721	freemarker.cache	[main]	Loading template for "spark/partials/dashboard.ftl"("en_IN", UTF-8, parsed) from "jar:file:/home/waioz/.m2/repository/com/aventstack/extentreports/5.0.9/extentreports-5.0.9.jar!/com/aventstack/extentreports/templates/spark/partials/dashboard.ftl"
DEBUG	2022-12-01 17:14:09,325	5754	freemarker.cache	[main]	Couldn't find template in cache for "spark/partials/scripts.ftl"("en_IN", UTF-8, parsed); will try to load it.
DEBUG	2022-12-01 17:14:09,325	5754	freemarker.cache	[main]	TemplateLoader.findTemplateSource("spark/partials/scripts_en_IN.ftl"): Not found
DEBUG	2022-12-01 17:14:09,325	5754	freemarker.cache	[main]	TemplateLoader.findTemplateSource("spark/partials/scripts_en.ftl"): Not found
DEBUG	2022-12-01 17:14:09,326	5755	freemarker.cache	[main]	TemplateLoader.findTemplateSource("spark/partials/scripts.ftl"): Found
DEBUG	2022-12-01 17:14:09,326	5755	freemarker.cache	[main]	Loading template for "spark/partials/scripts.ftl"("en_IN", UTF-8, parsed) from "jar:file:/home/waioz/.m2/repository/com/aventstack/extentreports/5.0.9/extentreports-5.0.9.jar!/com/aventstack/extentreports/templates/spark/partials/scripts.ftl"
DEBUG	2022-12-01 17:14:09,327	5756	freemarker.cache	[main]	Couldn't find template in cache for "commons/commons-inject-js.ftl"("en_IN", UTF-8, parsed); will try to load it.
DEBUG	2022-12-01 17:14:09,327	5756	freemarker.cache	[main]	TemplateLoader.findTemplateSource("commons/commons-inject-js_en_IN.ftl"): Not found
DEBUG	2022-12-01 17:14:09,327	5756	freemarker.cache	[main]	TemplateLoader.findTemplateSource("commons/commons-inject-js_en.ftl"): Not found
DEBUG	2022-12-01 17:14:09,327	5756	freemarker.cache	[main]	TemplateLoader.findTemplateSource("commons/commons-inject-js.ftl"): Found
DEBUG	2022-12-01 17:14:09,327	5756	freemarker.cache	[main]	Loading template for "commons/commons-inject-js.ftl"("en_IN", UTF-8, parsed) from "jar:file:/home/waioz/.m2/repository/com/aventstack/extentreports/5.0.9/extentreports-5.0.9.jar!/com/aventstack/extentreports/templates/commons/commons-inject-js.ftl"
INFO	2022-12-01 17:14:43,371	0	nopCommerce	[main]	URL opened
INFO	2022-12-01 17:14:45,740	2369	nopCommerce	[main]	Registerlink is clicked
INFO	2022-12-01 17:14:45,805	2434	nopCommerce	[main]	Female Radio button is clicked
INFO	2022-12-01 17:14:45,874	2503	nopCommerce	[main]	First name is entered
INFO	2022-12-01 17:14:45,958	2587	nopCommerce	[main]	First name is entered
INFO	2022-12-01 17:14:46,109	2738	nopCommerce	[main]	Day is Selected
INFO	2022-12-01 17:14:46,241	2870	nopCommerce	[main]	Month is Selected
INFO	2022-12-01 17:14:46,378	3007	nopCommerce	[main]	Year is Selected
INFO	2022-12-01 17:14:46,462	3091	nopCommerce	[main]	Email is entered
INFO	2022-12-01 17:14:46,547	3176	nopCommerce	[main]	Company name is enterd
INFO	2022-12-01 17:14:46,623	3252	nopCommerce	[main]	Password is entered
INFO	2022-12-01 17:14:46,700	3329	nopCommerce	[main]	Confirm password is entered
INFO	2022-12-01 17:14:48,034	4663	nopCommerce	[main]	Submit button is clicked
INFO	2022-12-01 17:14:50,073	6702	nopCommerce	[main]	Test Case is Passed
DEBUG	2022-12-01 17:14:50,112	6741	freemarker.cache	[main]	Couldn't find template in cache for "spark/spark.spa.ftl"("en_IN", UTF-8, parsed); will try to load it.
DEBUG	2022-12-01 17:14:50,113	6742	freemarker.cache	[main]	TemplateLoader.findTemplateSource("spark/spark.spa_en_IN.ftl"): Not found
DEBUG	2022-12-01 17:14:50,114	6743	freemarker.cache	[main]	TemplateLoader.findTemplateSource("spark/spark.spa_en.ftl"): Not found
DEBUG	2022-12-01 17:14:50,114	6743	freemarker.cache	[main]	TemplateLoader.findTemplateSource("spark/spark.spa.ftl"): Found
DEBUG	2022-12-01 17:14:50,114	6743	freemarker.cache	[main]	Loading template for "spark/spark.spa.ftl"("en_IN", UTF-8, parsed) from "jar:file:/home/waioz/.m2/repository/com/aventstack/extentreports/5.0.9/extentreports-5.0.9.jar!/com/aventstack/extentreports/templates/spark/spark.spa.ftl"
DEBUG	2022-12-01 17:14:50,161	6790	freemarker.cache	[main]	Couldn't find template in cache for "commons/commons-variables.ftl"("en_IN", UTF-8, parsed); will try to load it.
DEBUG	2022-12-01 17:14:50,162	6791	freemarker.cache	[main]	TemplateLoader.findTemplateSource("commons/commons-variables_en_IN.ftl"): Not found
DEBUG	2022-12-01 17:14:50,162	6791	freemarker.cache	[main]	TemplateLoader.findTemplateSource("commons/commons-variables_en.ftl"): Not found
DEBUG	2022-12-01 17:14:50,162	6791	freemarker.cache	[main]	TemplateLoader.findTemplateSource("commons/commons-variables.ftl"): Found
DEBUG	2022-12-01 17:14:50,162	6791	freemarker.cache	[main]	Loading template for "commons/commons-variables.ftl"("en_IN", UTF-8, parsed) from "jar:file:/home/waioz/.m2/repository/com/aventstack/extentreports/5.0.9/extentreports-5.0.9.jar!/com/aventstack/extentreports/templates/commons/commons-variables.ftl"
DEBUG	2022-12-01 17:14:50,247	6876	freemarker.cache	[main]	Couldn't find template in cache for "commons/commons-macros.ftl"("en_IN", UTF-8, parsed); will try to load it.
DEBUG	2022-12-01 17:14:50,248	6877	freemarker.cache	[main]	TemplateLoader.findTemplateSource("commons/commons-macros_en_IN.ftl"): Not found
DEBUG	2022-12-01 17:14:50,248	6877	freemarker.cache	[main]	TemplateLoader.findTemplateSource("commons/commons-macros_en.ftl"): Not found
DEBUG	2022-12-01 17:14:50,248	6877	freemarker.cache	[main]	TemplateLoader.findTemplateSource("commons/commons-macros.ftl"): Found
DEBUG	2022-12-01 17:14:50,248	6877	freemarker.cache	[main]	Loading template for "commons/commons-macros.ftl"("en_IN", UTF-8, parsed) from "jar:file:/home/waioz/.m2/repository/com/aventstack/extentreports/5.0.9/extentreports-5.0.9.jar!/com/aventstack/extentreports/templates/commons/commons-macros.ftl"
DEBUG	2022-12-01 17:14:50,260	6889	freemarker.cache	[main]	Couldn't find template in cache for "spark/macros/attributes.ftl"("en_IN", UTF-8, parsed); will try to load it.
DEBUG	2022-12-01 17:14:50,260	6889	freemarker.cache	[main]	TemplateLoader.findTemplateSource("spark/macros/attributes_en_IN.ftl"): Not found
DEBUG	2022-12-01 17:14:50,261	6890	freemarker.cache	[main]	TemplateLoader.findTemplateSource("spark/macros/attributes_en.ftl"): Not found
DEBUG	2022-12-01 17:14:50,261	6890	freemarker.cache	[main]	TemplateLoader.findTemplateSource("spark/macros/attributes.ftl"): Found
DEBUG	2022-12-01 17:14:50,261	6890	freemarker.cache	[main]	Loading template for "spark/macros/attributes.ftl"("en_IN", UTF-8, parsed) from "jar:file:/home/waioz/.m2/repository/com/aventstack/extentreports/5.0.9/extentreports-5.0.9.jar!/com/aventstack/extentreports/templates/spark/macros/attributes.ftl"
DEBUG	2022-12-01 17:14:50,263	6892	freemarker.cache	[main]	Couldn't find template in cache for "spark/macros/log.ftl"("en_IN", UTF-8, parsed); will try to load it.
DEBUG	2022-12-01 17:14:50,263	6892	freemarker.cache	[main]	TemplateLoader.findTemplateSource("spark/macros/log_en_IN.ftl"): Not found
DEBUG	2022-12-01 17:14:50,263	6892	freemarker.cache	[main]	TemplateLoader.findTemplateSource("spark/macros/log_en.ftl"): Not found
DEBUG	2022-12-01 17:14:50,264	6893	freemarker.cache	[main]	TemplateLoader.findTemplateSource("spark/macros/log.ftl"): Found
DEBUG	2022-12-01 17:14:50,264	6893	freemarker.cache	[main]	Loading template for "spark/macros/log.ftl"("en_IN", UTF-8, parsed) from "jar:file:/home/waioz/.m2/repository/com/aventstack/extentreports/5.0.9/extentreports-5.0.9.jar!/com/aventstack/extentreports/templates/spark/macros/log.ftl"
DEBUG	2022-12-01 17:14:50,265	6894	freemarker.cache	[main]	Couldn't find template in cache for "spark/macros/recurse_nodes.ftl"("en_IN", UTF-8, parsed); will try to load it.
DEBUG	2022-12-01 17:14:50,266	6895	freemarker.cache	[main]	TemplateLoader.findTemplateSource("spark/macros/recurse_nodes_en_IN.ftl"): Not found
DEBUG	2022-12-01 17:14:50,266	6895	freemarker.cache	[main]	TemplateLoader.findTemplateSource("spark/macros/recurse_nodes_en.ftl"): Not found
DEBUG	2022-12-01 17:14:50,266	6895	freemarker.cache	[main]	TemplateLoader.findTemplateSource("spark/macros/recurse_nodes.ftl"): Found
DEBUG	2022-12-01 17:14:50,266	6895	freemarker.cache	[main]	Loading template for "spark/macros/recurse_nodes.ftl"("en_IN", UTF-8, parsed) from "jar:file:/home/waioz/.m2/repository/com/aventstack/extentreports/5.0.9/extentreports-5.0.9.jar!/com/aventstack/extentreports/templates/spark/macros/recurse_nodes.ftl"
DEBUG	2022-12-01 17:14:50,269	6898	freemarker.cache	[main]	"spark/macros/log.ftl"("en_IN", UTF-8, parsed) cached copy not yet stale; using cached.
DEBUG	2022-12-01 17:14:50,269	6898	freemarker.cache	[main]	Couldn't find template in cache for "spark/macros/attr-common.ftl"("en_IN", UTF-8, parsed); will try to load it.
DEBUG	2022-12-01 17:14:50,270	6899	freemarker.cache	[main]	TemplateLoader.findTemplateSource("spark/macros/attr-common_en_IN.ftl"): Not found
DEBUG	2022-12-01 17:14:50,270	6899	freemarker.cache	[main]	TemplateLoader.findTemplateSource("spark/macros/attr-common_en.ftl"): Not found
DEBUG	2022-12-01 17:14:50,270	6899	freemarker.cache	[main]	TemplateLoader.findTemplateSource("spark/macros/attr-common.ftl"): Found
DEBUG	2022-12-01 17:14:50,270	6899	freemarker.cache	[main]	Loading template for "spark/macros/attr-common.ftl"("en_IN", UTF-8, parsed) from "jar:file:/home/waioz/.m2/repository/com/aventstack/extentreports/5.0.9/extentreports-5.0.9.jar!/com/aventstack/extentreports/templates/spark/macros/attr-common.ftl"
DEBUG	2022-12-01 17:14:50,276	6905	freemarker.cache	[main]	Couldn't find template in cache for "spark/partials/head.ftl"("en_IN", UTF-8, parsed); will try to load it.
DEBUG	2022-12-01 17:14:50,276	6905	freemarker.cache	[main]	TemplateLoader.findTemplateSource("spark/partials/head_en_IN.ftl"): Not found
DEBUG	2022-12-01 17:14:50,277	6906	freemarker.cache	[main]	TemplateLoader.findTemplateSource("spark/partials/head_en.ftl"): Not found
DEBUG	2022-12-01 17:14:50,277	6906	freemarker.cache	[main]	TemplateLoader.findTemplateSource("spark/partials/head.ftl"): Found
DEBUG	2022-12-01 17:14:50,277	6906	freemarker.cache	[main]	Loading template for "spark/partials/head.ftl"("en_IN", UTF-8, parsed) from "jar:file:/home/waioz/.m2/repository/com/aventstack/extentreports/5.0.9/extentreports-5.0.9.jar!/com/aventstack/extentreports/templates/spark/partials/head.ftl"
DEBUG	2022-12-01 17:14:50,280	6909	freemarker.cache	[main]	Couldn't find template in cache for "commons/commons-inject-css.ftl"("en_IN", UTF-8, parsed); will try to load it.
DEBUG	2022-12-01 17:14:50,280	6909	freemarker.cache	[main]	TemplateLoader.findTemplateSource("commons/commons-inject-css_en_IN.ftl"): Not found
DEBUG	2022-12-01 17:14:50,280	6909	freemarker.cache	[main]	TemplateLoader.findTemplateSource("commons/commons-inject-css_en.ftl"): Not found
DEBUG	2022-12-01 17:14:50,281	6910	freemarker.cache	[main]	TemplateLoader.findTemplateSource("commons/commons-inject-css.ftl"): Found
DEBUG	2022-12-01 17:14:50,281	6910	freemarker.cache	[main]	Loading template for "commons/commons-inject-css.ftl"("en_IN", UTF-8, parsed) from "jar:file:/home/waioz/.m2/repository/com/aventstack/extentreports/5.0.9/extentreports-5.0.9.jar!/com/aventstack/extentreports/templates/commons/commons-inject-css.ftl"
DEBUG	2022-12-01 17:14:50,281	6910	freemarker.cache	[main]	Couldn't find template in cache for "spark/partials/navbar.ftl"("en_IN", UTF-8, parsed); will try to load it.
DEBUG	2022-12-01 17:14:50,282	6911	freemarker.cache	[main]	TemplateLoader.findTemplateSource("spark/partials/navbar_en_IN.ftl"): Not found
DEBUG	2022-12-01 17:14:50,282	6911	freemarker.cache	[main]	TemplateLoader.findTemplateSource("spark/partials/navbar_en.ftl"): Not found
DEBUG	2022-12-01 17:14:50,282	6911	freemarker.cache	[main]	TemplateLoader.findTemplateSource("spark/partials/navbar.ftl"): Found
DEBUG	2022-12-01 17:14:50,282	6911	freemarker.cache	[main]	Loading template for "spark/partials/navbar.ftl"("en_IN", UTF-8, parsed) from "jar:file:/home/waioz/.m2/repository/com/aventstack/extentreports/5.0.9/extentreports-5.0.9.jar!/com/aventstack/extentreports/templates/spark/partials/navbar.ftl"
DEBUG	2022-12-01 17:14:50,287	6916	freemarker.cache	[main]	Couldn't find template in cache for "spark/partials/sidenav.ftl"("en_IN", UTF-8, parsed); will try to load it.
DEBUG	2022-12-01 17:14:50,287	6916	freemarker.cache	[main]	TemplateLoader.findTemplateSource("spark/partials/sidenav_en_IN.ftl"): Not found
DEBUG	2022-12-01 17:14:50,287	6916	freemarker.cache	[main]	TemplateLoader.findTemplateSource("spark/partials/sidenav_en.ftl"): Not found
DEBUG	2022-12-01 17:14:50,288	6917	freemarker.cache	[main]	TemplateLoader.findTemplateSource("spark/partials/sidenav.ftl"): Found
DEBUG	2022-12-01 17:14:50,288	6917	freemarker.cache	[main]	Loading template for "spark/partials/sidenav.ftl"("en_IN", UTF-8, parsed) from "jar:file:/home/waioz/.m2/repository/com/aventstack/extentreports/5.0.9/extentreports-5.0.9.jar!/com/aventstack/extentreports/templates/spark/partials/sidenav.ftl"
DEBUG	2022-12-01 17:14:50,299	6928	freemarker.cache	[main]	Couldn't find template in cache for "spark/partials/test.ftl"("en_IN", UTF-8, parsed); will try to load it.
DEBUG	2022-12-01 17:14:50,299	6928	freemarker.cache	[main]	TemplateLoader.findTemplateSource("spark/partials/test_en_IN.ftl"): Not found
DEBUG	2022-12-01 17:14:50,300	6929	freemarker.cache	[main]	TemplateLoader.findTemplateSource("spark/partials/test_en.ftl"): Not found
DEBUG	2022-12-01 17:14:50,300	6929	freemarker.cache	[main]	TemplateLoader.findTemplateSource("spark/partials/test.ftl"): Found
DEBUG	2022-12-01 17:14:50,300	6929	freemarker.cache	[main]	Loading template for "spark/partials/test.ftl"("en_IN", UTF-8, parsed) from "jar:file:/home/waioz/.m2/repository/com/aventstack/extentreports/5.0.9/extentreports-5.0.9.jar!/com/aventstack/extentreports/templates/spark/partials/test.ftl"
DEBUG	2022-12-01 17:14:50,312	6941	freemarker.cache	[main]	Couldn't find template in cache for "spark/partials/standard-content.ftl"("en_IN", UTF-8, parsed); will try to load it.
DEBUG	2022-12-01 17:14:50,313	6942	freemarker.cache	[main]	TemplateLoader.findTemplateSource("spark/partials/standard-content_en_IN.ftl"): Not found
DEBUG	2022-12-01 17:14:50,313	6942	freemarker.cache	[main]	TemplateLoader.findTemplateSource("spark/partials/standard-content_en.ftl"): Not found
DEBUG	2022-12-01 17:14:50,313	6942	freemarker.cache	[main]	TemplateLoader.findTemplateSource("spark/partials/standard-content.ftl"): Found
DEBUG	2022-12-01 17:14:50,313	6942	freemarker.cache	[main]	Loading template for "spark/partials/standard-content.ftl"("en_IN", UTF-8, parsed) from "jar:file:/home/waioz/.m2/repository/com/aventstack/extentreports/5.0.9/extentreports-5.0.9.jar!/com/aventstack/extentreports/templates/spark/partials/standard-content.ftl"
DEBUG	2022-12-01 17:14:50,319	6948	freemarker.cache	[main]	"spark/partials/standard-content.ftl"("en_IN", UTF-8, parsed) cached copy not yet stale; using cached.
DEBUG	2022-12-01 17:14:50,319	6948	freemarker.cache	[main]	Couldn't find template in cache for "spark/partials/exception.ftl"("en_IN", UTF-8, parsed); will try to load it.
DEBUG	2022-12-01 17:14:50,319	6948	freemarker.cache	[main]	TemplateLoader.findTemplateSource("spark/partials/exception_en_IN.ftl"): Not found
DEBUG	2022-12-01 17:14:50,320	6949	freemarker.cache	[main]	TemplateLoader.findTemplateSource("spark/partials/exception_en.ftl"): Not found
DEBUG	2022-12-01 17:14:50,320	6949	freemarker.cache	[main]	TemplateLoader.findTemplateSource("spark/partials/exception.ftl"): Found
DEBUG	2022-12-01 17:14:50,320	6949	freemarker.cache	[main]	Loading template for "spark/partials/exception.ftl"("en_IN", UTF-8, parsed) from "jar:file:/home/waioz/.m2/repository/com/aventstack/extentreports/5.0.9/extentreports-5.0.9.jar!/com/aventstack/extentreports/templates/spark/partials/exception.ftl"
DEBUG	2022-12-01 17:14:50,321	6950	freemarker.cache	[main]	Couldn't find template in cache for "spark/partials/category.ftl"("en_IN", UTF-8, parsed); will try to load it.
DEBUG	2022-12-01 17:14:50,321	6950	freemarker.cache	[main]	TemplateLoader.findTemplateSource("spark/partials/category_en_IN.ftl"): Not found
DEBUG	2022-12-01 17:14:50,321	6950	freemarker.cache	[main]	TemplateLoader.findTemplateSource("spark/partials/category_en.ftl"): Not found
DEBUG	2022-12-01 17:14:50,322	6951	freemarker.cache	[main]	TemplateLoader.findTemplateSource("spark/partials/category.ftl"): Found
DEBUG	2022-12-01 17:14:50,322	6951	freemarker.cache	[main]	Loading template for "spark/partials/category.ftl"("en_IN", UTF-8, parsed) from "jar:file:/home/waioz/.m2/repository/com/aventstack/extentreports/5.0.9/extentreports-5.0.9.jar!/com/aventstack/extentreports/templates/spark/partials/category.ftl"
DEBUG	2022-12-01 17:14:50,322	6951	freemarker.cache	[main]	Couldn't find template in cache for "spark/partials/device.ftl"("en_IN", UTF-8, parsed); will try to load it.
DEBUG	2022-12-01 17:14:50,323	6952	freemarker.cache	[main]	TemplateLoader.findTemplateSource("spark/partials/device_en_IN.ftl"): Not found
DEBUG	2022-12-01 17:14:50,323	6952	freemarker.cache	[main]	TemplateLoader.findTemplateSource("spark/partials/device_en.ftl"): Not found
DEBUG	2022-12-01 17:14:50,323	6952	freemarker.cache	[main]	TemplateLoader.findTemplateSource("spark/partials/device.ftl"): Found
DEBUG	2022-12-01 17:14:50,323	6952	freemarker.cache	[main]	Loading template for "spark/partials/device.ftl"("en_IN", UTF-8, parsed) from "jar:file:/home/waioz/.m2/repository/com/aventstack/extentreports/5.0.9/extentreports-5.0.9.jar!/com/aventstack/extentreports/templates/spark/partials/device.ftl"
DEBUG	2022-12-01 17:14:50,324	6953	freemarker.cache	[main]	Couldn't find template in cache for "spark/partials/author.ftl"("en_IN", UTF-8, parsed); will try to load it.
DEBUG	2022-12-01 17:14:50,324	6953	freemarker.cache	[main]	TemplateLoader.findTemplateSource("spark/partials/author_en_IN.ftl"): Not found
DEBUG	2022-12-01 17:14:50,325	6954	freemarker.cache	[main]	TemplateLoader.findTemplateSource("spark/partials/author_en.ftl"): Not found
DEBUG	2022-12-01 17:14:50,325	6954	freemarker.cache	[main]	TemplateLoader.findTemplateSource("spark/partials/author.ftl"): Found
DEBUG	2022-12-01 17:14:50,325	6954	freemarker.cache	[main]	Loading template for "spark/partials/author.ftl"("en_IN", UTF-8, parsed) from "jar:file:/home/waioz/.m2/repository/com/aventstack/extentreports/5.0.9/extentreports-5.0.9.jar!/com/aventstack/extentreports/templates/spark/partials/author.ftl"
DEBUG	2022-12-01 17:14:50,326	6955	freemarker.cache	[main]	Couldn't find template in cache for "spark/partials/log.ftl"("en_IN", UTF-8, parsed); will try to load it.
DEBUG	2022-12-01 17:14:50,326	6955	freemarker.cache	[main]	TemplateLoader.findTemplateSource("spark/partials/log_en_IN.ftl"): Not found
DEBUG	2022-12-01 17:14:50,326	6955	freemarker.cache	[main]	TemplateLoader.findTemplateSource("spark/partials/log_en.ftl"): Not found
DEBUG	2022-12-01 17:14:50,327	6956	freemarker.cache	[main]	TemplateLoader.findTemplateSource("spark/partials/log.ftl"): Found
DEBUG	2022-12-01 17:14:50,327	6956	freemarker.cache	[main]	Loading template for "spark/partials/log.ftl"("en_IN", UTF-8, parsed) from "jar:file:/home/waioz/.m2/repository/com/aventstack/extentreports/5.0.9/extentreports-5.0.9.jar!/com/aventstack/extentreports/templates/spark/partials/log.ftl"
DEBUG	2022-12-01 17:14:50,328	6957	freemarker.cache	[main]	Couldn't find template in cache for "spark/partials/dashboard.ftl"("en_IN", UTF-8, parsed); will try to load it.
DEBUG	2022-12-01 17:14:50,328	6957	freemarker.cache	[main]	TemplateLoader.findTemplateSource("spark/partials/dashboard_en_IN.ftl"): Not found
DEBUG	2022-12-01 17:14:50,328	6957	freemarker.cache	[main]	TemplateLoader.findTemplateSource("spark/partials/dashboard_en.ftl"): Not found
DEBUG	2022-12-01 17:14:50,328	6957	freemarker.cache	[main]	TemplateLoader.findTemplateSource("spark/partials/dashboard.ftl"): Found
DEBUG	2022-12-01 17:14:50,329	6958	freemarker.cache	[main]	Loading template for "spark/partials/dashboard.ftl"("en_IN", UTF-8, parsed) from "jar:file:/home/waioz/.m2/repository/com/aventstack/extentreports/5.0.9/extentreports-5.0.9.jar!/com/aventstack/extentreports/templates/spark/partials/dashboard.ftl"
DEBUG	2022-12-01 17:14:50,369	6998	freemarker.cache	[main]	Couldn't find template in cache for "spark/partials/scripts.ftl"("en_IN", UTF-8, parsed); will try to load it.
DEBUG	2022-12-01 17:14:50,370	6999	freemarker.cache	[main]	TemplateLoader.findTemplateSource("spark/partials/scripts_en_IN.ftl"): Not found
DEBUG	2022-12-01 17:14:50,370	6999	freemarker.cache	[main]	TemplateLoader.findTemplateSource("spark/partials/scripts_en.ftl"): Not found
DEBUG	2022-12-01 17:14:50,370	6999	freemarker.cache	[main]	TemplateLoader.findTemplateSource("spark/partials/scripts.ftl"): Found
DEBUG	2022-12-01 17:14:50,370	6999	freemarker.cache	[main]	Loading template for "spark/partials/scripts.ftl"("en_IN", UTF-8, parsed) from "jar:file:/home/waioz/.m2/repository/com/aventstack/extentreports/5.0.9/extentreports-5.0.9.jar!/com/aventstack/extentreports/templates/spark/partials/scripts.ftl"
DEBUG	2022-12-01 17:14:50,371	7000	freemarker.cache	[main]	Couldn't find template in cache for "commons/commons-inject-js.ftl"("en_IN", UTF-8, parsed); will try to load it.
DEBUG	2022-12-01 17:14:50,371	7000	freemarker.cache	[main]	TemplateLoader.findTemplateSource("commons/commons-inject-js_en_IN.ftl"): Not found
DEBUG	2022-12-01 17:14:50,372	7001	freemarker.cache	[main]	TemplateLoader.findTemplateSource("commons/commons-inject-js_en.ftl"): Not found
DEBUG	2022-12-01 17:14:50,372	7001	freemarker.cache	[main]	TemplateLoader.findTemplateSource("commons/commons-inject-js.ftl"): Found
DEBUG	2022-12-01 17:14:50,372	7001	freemarker.cache	[main]	Loading template for "commons/commons-inject-js.ftl"("en_IN", UTF-8, parsed) from "jar:file:/home/waioz/.m2/repository/com/aventstack/extentreports/5.0.9/extentreports-5.0.9.jar!/com/aventstack/extentreports/templates/commons/commons-inject-js.ftl"
INFO	2022-12-01 17:21:15,188	0	nopCommerce	[main]	URL opened
INFO	2022-12-01 17:21:16,641	1453	nopCommerce	[main]	Registerlink is clicked
INFO	2022-12-01 17:21:16,710	1522	nopCommerce	[main]	Female Radio button is clicked
INFO	2022-12-01 17:21:16,796	1608	nopCommerce	[main]	First name is entered
INFO	2022-12-01 17:21:16,879	1691	nopCommerce	[main]	First name is entered
INFO	2022-12-01 17:21:17,010	1822	nopCommerce	[main]	Day is Selected
INFO	2022-12-01 17:21:17,127	1939	nopCommerce	[main]	Month is Selected
INFO	2022-12-01 17:21:17,258	2070	nopCommerce	[main]	Year is Selected
INFO	2022-12-01 17:21:17,342	2154	nopCommerce	[main]	Email is entered
INFO	2022-12-01 17:21:17,425	2237	nopCommerce	[main]	Company name is enterd
INFO	2022-12-01 17:21:17,506	2318	nopCommerce	[main]	Password is entered
INFO	2022-12-01 17:21:17,580	2392	nopCommerce	[main]	Confirm password is entered
INFO	2022-12-01 17:21:18,602	3414	nopCommerce	[main]	Submit button is clicked
INFO	2022-12-01 17:21:20,639	5451	nopCommerce	[main]	Test Case is Passed
DEBUG	2022-12-01 17:21:20,680	5492	freemarker.cache	[main]	Couldn't find template in cache for "spark/spark.spa.ftl"("en_IN", UTF-8, parsed); will try to load it.
DEBUG	2022-12-01 17:21:20,681	5493	freemarker.cache	[main]	TemplateLoader.findTemplateSource("spark/spark.spa_en_IN.ftl"): Not found
DEBUG	2022-12-01 17:21:20,681	5493	freemarker.cache	[main]	TemplateLoader.findTemplateSource("spark/spark.spa_en.ftl"): Not found
DEBUG	2022-12-01 17:21:20,682	5494	freemarker.cache	[main]	TemplateLoader.findTemplateSource("spark/spark.spa.ftl"): Found
DEBUG	2022-12-01 17:21:20,682	5494	freemarker.cache	[main]	Loading template for "spark/spark.spa.ftl"("en_IN", UTF-8, parsed) from "jar:file:/home/waioz/.m2/repository/com/aventstack/extentreports/5.0.9/extentreports-5.0.9.jar!/com/aventstack/extentreports/templates/spark/spark.spa.ftl"
DEBUG	2022-12-01 17:21:20,727	5539	freemarker.cache	[main]	Couldn't find template in cache for "commons/commons-variables.ftl"("en_IN", UTF-8, parsed); will try to load it.
DEBUG	2022-12-01 17:21:20,728	5540	freemarker.cache	[main]	TemplateLoader.findTemplateSource("commons/commons-variables_en_IN.ftl"): Not found
DEBUG	2022-12-01 17:21:20,728	5540	freemarker.cache	[main]	TemplateLoader.findTemplateSource("commons/commons-variables_en.ftl"): Not found
DEBUG	2022-12-01 17:21:20,728	5540	freemarker.cache	[main]	TemplateLoader.findTemplateSource("commons/commons-variables.ftl"): Found
DEBUG	2022-12-01 17:21:20,728	5540	freemarker.cache	[main]	Loading template for "commons/commons-variables.ftl"("en_IN", UTF-8, parsed) from "jar:file:/home/waioz/.m2/repository/com/aventstack/extentreports/5.0.9/extentreports-5.0.9.jar!/com/aventstack/extentreports/templates/commons/commons-variables.ftl"
DEBUG	2022-12-01 17:21:20,806	5618	freemarker.cache	[main]	Couldn't find template in cache for "commons/commons-macros.ftl"("en_IN", UTF-8, parsed); will try to load it.
DEBUG	2022-12-01 17:21:20,807	5619	freemarker.cache	[main]	TemplateLoader.findTemplateSource("commons/commons-macros_en_IN.ftl"): Not found
DEBUG	2022-12-01 17:21:20,807	5619	freemarker.cache	[main]	TemplateLoader.findTemplateSource("commons/commons-macros_en.ftl"): Not found
DEBUG	2022-12-01 17:21:20,808	5620	freemarker.cache	[main]	TemplateLoader.findTemplateSource("commons/commons-macros.ftl"): Found
DEBUG	2022-12-01 17:21:20,808	5620	freemarker.cache	[main]	Loading template for "commons/commons-macros.ftl"("en_IN", UTF-8, parsed) from "jar:file:/home/waioz/.m2/repository/com/aventstack/extentreports/5.0.9/extentreports-5.0.9.jar!/com/aventstack/extentreports/templates/commons/commons-macros.ftl"
DEBUG	2022-12-01 17:21:20,819	5631	freemarker.cache	[main]	Couldn't find template in cache for "spark/macros/attributes.ftl"("en_IN", UTF-8, parsed); will try to load it.
DEBUG	2022-12-01 17:21:20,820	5632	freemarker.cache	[main]	TemplateLoader.findTemplateSource("spark/macros/attributes_en_IN.ftl"): Not found
DEBUG	2022-12-01 17:21:20,820	5632	freemarker.cache	[main]	TemplateLoader.findTemplateSource("spark/macros/attributes_en.ftl"): Not found
DEBUG	2022-12-01 17:21:20,820	5632	freemarker.cache	[main]	TemplateLoader.findTemplateSource("spark/macros/attributes.ftl"): Found
DEBUG	2022-12-01 17:21:20,820	5632	freemarker.cache	[main]	Loading template for "spark/macros/attributes.ftl"("en_IN", UTF-8, parsed) from "jar:file:/home/waioz/.m2/repository/com/aventstack/extentreports/5.0.9/extentreports-5.0.9.jar!/com/aventstack/extentreports/templates/spark/macros/attributes.ftl"
DEBUG	2022-12-01 17:21:20,822	5634	freemarker.cache	[main]	Couldn't find template in cache for "spark/macros/log.ftl"("en_IN", UTF-8, parsed); will try to load it.
DEBUG	2022-12-01 17:21:20,823	5635	freemarker.cache	[main]	TemplateLoader.findTemplateSource("spark/macros/log_en_IN.ftl"): Not found
DEBUG	2022-12-01 17:21:20,823	5635	freemarker.cache	[main]	TemplateLoader.findTemplateSource("spark/macros/log_en.ftl"): Not found
DEBUG	2022-12-01 17:21:20,823	5635	freemarker.cache	[main]	TemplateLoader.findTemplateSource("spark/macros/log.ftl"): Found
DEBUG	2022-12-01 17:21:20,824	5636	freemarker.cache	[main]	Loading template for "spark/macros/log.ftl"("en_IN", UTF-8, parsed) from "jar:file:/home/waioz/.m2/repository/com/aventstack/extentreports/5.0.9/extentreports-5.0.9.jar!/com/aventstack/extentreports/templates/spark/macros/log.ftl"
DEBUG	2022-12-01 17:21:20,825	5637	freemarker.cache	[main]	Couldn't find template in cache for "spark/macros/recurse_nodes.ftl"("en_IN", UTF-8, parsed); will try to load it.
DEBUG	2022-12-01 17:21:20,826	5638	freemarker.cache	[main]	TemplateLoader.findTemplateSource("spark/macros/recurse_nodes_en_IN.ftl"): Not found
DEBUG	2022-12-01 17:21:20,826	5638	freemarker.cache	[main]	TemplateLoader.findTemplateSource("spark/macros/recurse_nodes_en.ftl"): Not found
DEBUG	2022-12-01 17:21:20,826	5638	freemarker.cache	[main]	TemplateLoader.findTemplateSource("spark/macros/recurse_nodes.ftl"): Found
DEBUG	2022-12-01 17:21:20,826	5638	freemarker.cache	[main]	Loading template for "spark/macros/recurse_nodes.ftl"("en_IN", UTF-8, parsed) from "jar:file:/home/waioz/.m2/repository/com/aventstack/extentreports/5.0.9/extentreports-5.0.9.jar!/com/aventstack/extentreports/templates/spark/macros/recurse_nodes.ftl"
DEBUG	2022-12-01 17:21:20,830	5642	freemarker.cache	[main]	"spark/macros/log.ftl"("en_IN", UTF-8, parsed) cached copy not yet stale; using cached.
DEBUG	2022-12-01 17:21:20,830	5642	freemarker.cache	[main]	Couldn't find template in cache for "spark/macros/attr-common.ftl"("en_IN", UTF-8, parsed); will try to load it.
DEBUG	2022-12-01 17:21:20,830	5642	freemarker.cache	[main]	TemplateLoader.findTemplateSource("spark/macros/attr-common_en_IN.ftl"): Not found
DEBUG	2022-12-01 17:21:20,831	5643	freemarker.cache	[main]	TemplateLoader.findTemplateSource("spark/macros/attr-common_en.ftl"): Not found
DEBUG	2022-12-01 17:21:20,831	5643	freemarker.cache	[main]	TemplateLoader.findTemplateSource("spark/macros/attr-common.ftl"): Found
DEBUG	2022-12-01 17:21:20,831	5643	freemarker.cache	[main]	Loading template for "spark/macros/attr-common.ftl"("en_IN", UTF-8, parsed) from "jar:file:/home/waioz/.m2/repository/com/aventstack/extentreports/5.0.9/extentreports-5.0.9.jar!/com/aventstack/extentreports/templates/spark/macros/attr-common.ftl"
DEBUG	2022-12-01 17:21:20,838	5650	freemarker.cache	[main]	Couldn't find template in cache for "spark/partials/head.ftl"("en_IN", UTF-8, parsed); will try to load it.
DEBUG	2022-12-01 17:21:20,838	5650	freemarker.cache	[main]	TemplateLoader.findTemplateSource("spark/partials/head_en_IN.ftl"): Not found
DEBUG	2022-12-01 17:21:20,838	5650	freemarker.cache	[main]	TemplateLoader.findTemplateSource("spark/partials/head_en.ftl"): Not found
DEBUG	2022-12-01 17:21:20,839	5651	freemarker.cache	[main]	TemplateLoader.findTemplateSource("spark/partials/head.ftl"): Found
DEBUG	2022-12-01 17:21:20,839	5651	freemarker.cache	[main]	Loading template for "spark/partials/head.ftl"("en_IN", UTF-8, parsed) from "jar:file:/home/waioz/.m2/repository/com/aventstack/extentreports/5.0.9/extentreports-5.0.9.jar!/com/aventstack/extentreports/templates/spark/partials/head.ftl"
DEBUG	2022-12-01 17:21:20,842	5654	freemarker.cache	[main]	Couldn't find template in cache for "commons/commons-inject-css.ftl"("en_IN", UTF-8, parsed); will try to load it.
DEBUG	2022-12-01 17:21:20,842	5654	freemarker.cache	[main]	TemplateLoader.findTemplateSource("commons/commons-inject-css_en_IN.ftl"): Not found
DEBUG	2022-12-01 17:21:20,842	5654	freemarker.cache	[main]	TemplateLoader.findTemplateSource("commons/commons-inject-css_en.ftl"): Not found
DEBUG	2022-12-01 17:21:20,842	5654	freemarker.cache	[main]	TemplateLoader.findTemplateSource("commons/commons-inject-css.ftl"): Found
DEBUG	2022-12-01 17:21:20,843	5655	freemarker.cache	[main]	Loading template for "commons/commons-inject-css.ftl"("en_IN", UTF-8, parsed) from "jar:file:/home/waioz/.m2/repository/com/aventstack/extentreports/5.0.9/extentreports-5.0.9.jar!/com/aventstack/extentreports/templates/commons/commons-inject-css.ftl"
DEBUG	2022-12-01 17:21:20,843	5655	freemarker.cache	[main]	Couldn't find template in cache for "spark/partials/navbar.ftl"("en_IN", UTF-8, parsed); will try to load it.
DEBUG	2022-12-01 17:21:20,844	5656	freemarker.cache	[main]	TemplateLoader.findTemplateSource("spark/partials/navbar_en_IN.ftl"): Not found
DEBUG	2022-12-01 17:21:20,844	5656	freemarker.cache	[main]	TemplateLoader.findTemplateSource("spark/partials/navbar_en.ftl"): Not found
DEBUG	2022-12-01 17:21:20,844	5656	freemarker.cache	[main]	TemplateLoader.findTemplateSource("spark/partials/navbar.ftl"): Found
DEBUG	2022-12-01 17:21:20,844	5656	freemarker.cache	[main]	Loading template for "spark/partials/navbar.ftl"("en_IN", UTF-8, parsed) from "jar:file:/home/waioz/.m2/repository/com/aventstack/extentreports/5.0.9/extentreports-5.0.9.jar!/com/aventstack/extentreports/templates/spark/partials/navbar.ftl"
DEBUG	2022-12-01 17:21:20,849	5661	freemarker.cache	[main]	Couldn't find template in cache for "spark/partials/sidenav.ftl"("en_IN", UTF-8, parsed); will try to load it.
DEBUG	2022-12-01 17:21:20,850	5662	freemarker.cache	[main]	TemplateLoader.findTemplateSource("spark/partials/sidenav_en_IN.ftl"): Not found
DEBUG	2022-12-01 17:21:20,850	5662	freemarker.cache	[main]	TemplateLoader.findTemplateSource("spark/partials/sidenav_en.ftl"): Not found
DEBUG	2022-12-01 17:21:20,850	5662	freemarker.cache	[main]	TemplateLoader.findTemplateSource("spark/partials/sidenav.ftl"): Found
DEBUG	2022-12-01 17:21:20,850	5662	freemarker.cache	[main]	Loading template for "spark/partials/sidenav.ftl"("en_IN", UTF-8, parsed) from "jar:file:/home/waioz/.m2/repository/com/aventstack/extentreports/5.0.9/extentreports-5.0.9.jar!/com/aventstack/extentreports/templates/spark/partials/sidenav.ftl"
DEBUG	2022-12-01 17:21:20,862	5674	freemarker.cache	[main]	Couldn't find template in cache for "spark/partials/test.ftl"("en_IN", UTF-8, parsed); will try to load it.
DEBUG	2022-12-01 17:21:20,863	5675	freemarker.cache	[main]	TemplateLoader.findTemplateSource("spark/partials/test_en_IN.ftl"): Not found
DEBUG	2022-12-01 17:21:20,863	5675	freemarker.cache	[main]	TemplateLoader.findTemplateSource("spark/partials/test_en.ftl"): Not found
DEBUG	2022-12-01 17:21:20,863	5675	freemarker.cache	[main]	TemplateLoader.findTemplateSource("spark/partials/test.ftl"): Found
DEBUG	2022-12-01 17:21:20,864	5676	freemarker.cache	[main]	Loading template for "spark/partials/test.ftl"("en_IN", UTF-8, parsed) from "jar:file:/home/waioz/.m2/repository/com/aventstack/extentreports/5.0.9/extentreports-5.0.9.jar!/com/aventstack/extentreports/templates/spark/partials/test.ftl"
DEBUG	2022-12-01 17:21:20,877	5689	freemarker.cache	[main]	Couldn't find template in cache for "spark/partials/standard-content.ftl"("en_IN", UTF-8, parsed); will try to load it.
DEBUG	2022-12-01 17:21:20,878	5690	freemarker.cache	[main]	TemplateLoader.findTemplateSource("spark/partials/standard-content_en_IN.ftl"): Not found
DEBUG	2022-12-01 17:21:20,878	5690	freemarker.cache	[main]	TemplateLoader.findTemplateSource("spark/partials/standard-content_en.ftl"): Not found
DEBUG	2022-12-01 17:21:20,878	5690	freemarker.cache	[main]	TemplateLoader.findTemplateSource("spark/partials/standard-content.ftl"): Found
DEBUG	2022-12-01 17:21:20,878	5690	freemarker.cache	[main]	Loading template for "spark/partials/standard-content.ftl"("en_IN", UTF-8, parsed) from "jar:file:/home/waioz/.m2/repository/com/aventstack/extentreports/5.0.9/extentreports-5.0.9.jar!/com/aventstack/extentreports/templates/spark/partials/standard-content.ftl"
DEBUG	2022-12-01 17:21:20,884	5696	freemarker.cache	[main]	"spark/partials/standard-content.ftl"("en_IN", UTF-8, parsed) cached copy not yet stale; using cached.
DEBUG	2022-12-01 17:21:20,884	5696	freemarker.cache	[main]	Couldn't find template in cache for "spark/partials/exception.ftl"("en_IN", UTF-8, parsed); will try to load it.
DEBUG	2022-12-01 17:21:20,884	5696	freemarker.cache	[main]	TemplateLoader.findTemplateSource("spark/partials/exception_en_IN.ftl"): Not found
DEBUG	2022-12-01 17:21:20,885	5697	freemarker.cache	[main]	TemplateLoader.findTemplateSource("spark/partials/exception_en.ftl"): Not found
DEBUG	2022-12-01 17:21:20,885	5697	freemarker.cache	[main]	TemplateLoader.findTemplateSource("spark/partials/exception.ftl"): Found
DEBUG	2022-12-01 17:21:20,885	5697	freemarker.cache	[main]	Loading template for "spark/partials/exception.ftl"("en_IN", UTF-8, parsed) from "jar:file:/home/waioz/.m2/repository/com/aventstack/extentreports/5.0.9/extentreports-5.0.9.jar!/com/aventstack/extentreports/templates/spark/partials/exception.ftl"
DEBUG	2022-12-01 17:21:20,886	5698	freemarker.cache	[main]	Couldn't find template in cache for "spark/partials/category.ftl"("en_IN", UTF-8, parsed); will try to load it.
DEBUG	2022-12-01 17:21:20,886	5698	freemarker.cache	[main]	TemplateLoader.findTemplateSource("spark/partials/category_en_IN.ftl"): Not found
DEBUG	2022-12-01 17:21:20,887	5699	freemarker.cache	[main]	TemplateLoader.findTemplateSource("spark/partials/category_en.ftl"): Not found
DEBUG	2022-12-01 17:21:20,887	5699	freemarker.cache	[main]	TemplateLoader.findTemplateSource("spark/partials/category.ftl"): Found
DEBUG	2022-12-01 17:21:20,887	5699	freemarker.cache	[main]	Loading template for "spark/partials/category.ftl"("en_IN", UTF-8, parsed) from "jar:file:/home/waioz/.m2/repository/com/aventstack/extentreports/5.0.9/extentreports-5.0.9.jar!/com/aventstack/extentreports/templates/spark/partials/category.ftl"
DEBUG	2022-12-01 17:21:20,888	5700	freemarker.cache	[main]	Couldn't find template in cache for "spark/partials/device.ftl"("en_IN", UTF-8, parsed); will try to load it.
DEBUG	2022-12-01 17:21:20,888	5700	freemarker.cache	[main]	TemplateLoader.findTemplateSource("spark/partials/device_en_IN.ftl"): Not found
DEBUG	2022-12-01 17:21:20,889	5701	freemarker.cache	[main]	TemplateLoader.findTemplateSource("spark/partials/device_en.ftl"): Not found
DEBUG	2022-12-01 17:21:20,889	5701	freemarker.cache	[main]	TemplateLoader.findTemplateSource("spark/partials/device.ftl"): Found
DEBUG	2022-12-01 17:21:20,889	5701	freemarker.cache	[main]	Loading template for "spark/partials/device.ftl"("en_IN", UTF-8, parsed) from "jar:file:/home/waioz/.m2/repository/com/aventstack/extentreports/5.0.9/extentreports-5.0.9.jar!/com/aventstack/extentreports/templates/spark/partials/device.ftl"
DEBUG	2022-12-01 17:21:20,890	5702	freemarker.cache	[main]	Couldn't find template in cache for "spark/partials/author.ftl"("en_IN", UTF-8, parsed); will try to load it.
DEBUG	2022-12-01 17:21:20,890	5702	freemarker.cache	[main]	TemplateLoader.findTemplateSource("spark/partials/author_en_IN.ftl"): Not found
DEBUG	2022-12-01 17:21:20,891	5703	freemarker.cache	[main]	TemplateLoader.findTemplateSource("spark/partials/author_en.ftl"): Not found
DEBUG	2022-12-01 17:21:20,891	5703	freemarker.cache	[main]	TemplateLoader.findTemplateSource("spark/partials/author.ftl"): Found
DEBUG	2022-12-01 17:21:20,891	5703	freemarker.cache	[main]	Loading template for "spark/partials/author.ftl"("en_IN", UTF-8, parsed) from "jar:file:/home/waioz/.m2/repository/com/aventstack/extentreports/5.0.9/extentreports-5.0.9.jar!/com/aventstack/extentreports/templates/spark/partials/author.ftl"
DEBUG	2022-12-01 17:21:20,892	5704	freemarker.cache	[main]	Couldn't find template in cache for "spark/partials/log.ftl"("en_IN", UTF-8, parsed); will try to load it.
DEBUG	2022-12-01 17:21:20,892	5704	freemarker.cache	[main]	TemplateLoader.findTemplateSource("spark/partials/log_en_IN.ftl"): Not found
DEBUG	2022-12-01 17:21:20,892	5704	freemarker.cache	[main]	TemplateLoader.findTemplateSource("spark/partials/log_en.ftl"): Not found
DEBUG	2022-12-01 17:21:20,893	5705	freemarker.cache	[main]	TemplateLoader.findTemplateSource("spark/partials/log.ftl"): Found
DEBUG	2022-12-01 17:21:20,893	5705	freemarker.cache	[main]	Loading template for "spark/partials/log.ftl"("en_IN", UTF-8, parsed) from "jar:file:/home/waioz/.m2/repository/com/aventstack/extentreports/5.0.9/extentreports-5.0.9.jar!/com/aventstack/extentreports/templates/spark/partials/log.ftl"
DEBUG	2022-12-01 17:21:20,893	5705	freemarker.cache	[main]	Couldn't find template in cache for "spark/partials/dashboard.ftl"("en_IN", UTF-8, parsed); will try to load it.
DEBUG	2022-12-01 17:21:20,894	5706	freemarker.cache	[main]	TemplateLoader.findTemplateSource("spark/partials/dashboard_en_IN.ftl"): Not found
DEBUG	2022-12-01 17:21:20,894	5706	freemarker.cache	[main]	TemplateLoader.findTemplateSource("spark/partials/dashboard_en.ftl"): Not found
DEBUG	2022-12-01 17:21:20,894	5706	freemarker.cache	[main]	TemplateLoader.findTemplateSource("spark/partials/dashboard.ftl"): Found
DEBUG	2022-12-01 17:21:20,894	5706	freemarker.cache	[main]	Loading template for "spark/partials/dashboard.ftl"("en_IN", UTF-8, parsed) from "jar:file:/home/waioz/.m2/repository/com/aventstack/extentreports/5.0.9/extentreports-5.0.9.jar!/com/aventstack/extentreports/templates/spark/partials/dashboard.ftl"
DEBUG	2022-12-01 17:21:20,936	5748	freemarker.cache	[main]	Couldn't find template in cache for "spark/partials/scripts.ftl"("en_IN", UTF-8, parsed); will try to load it.
DEBUG	2022-12-01 17:21:20,937	5749	freemarker.cache	[main]	TemplateLoader.findTemplateSource("spark/partials/scripts_en_IN.ftl"): Not found
DEBUG	2022-12-01 17:21:20,937	5749	freemarker.cache	[main]	TemplateLoader.findTemplateSource("spark/partials/scripts_en.ftl"): Not found
DEBUG	2022-12-01 17:21:20,937	5749	freemarker.cache	[main]	TemplateLoader.findTemplateSource("spark/partials/scripts.ftl"): Found
DEBUG	2022-12-01 17:21:20,937	5749	freemarker.cache	[main]	Loading template for "spark/partials/scripts.ftl"("en_IN", UTF-8, parsed) from "jar:file:/home/waioz/.m2/repository/com/aventstack/extentreports/5.0.9/extentreports-5.0.9.jar!/com/aventstack/extentreports/templates/spark/partials/scripts.ftl"
DEBUG	2022-12-01 17:21:20,938	5750	freemarker.cache	[main]	Couldn't find template in cache for "commons/commons-inject-js.ftl"("en_IN", UTF-8, parsed); will try to load it.
DEBUG	2022-12-01 17:21:20,939	5751	freemarker.cache	[main]	TemplateLoader.findTemplateSource("commons/commons-inject-js_en_IN.ftl"): Not found
DEBUG	2022-12-01 17:21:20,939	5751	freemarker.cache	[main]	TemplateLoader.findTemplateSource("commons/commons-inject-js_en.ftl"): Not found
DEBUG	2022-12-01 17:21:20,939	5751	freemarker.cache	[main]	TemplateLoader.findTemplateSource("commons/commons-inject-js.ftl"): Found
DEBUG	2022-12-01 17:21:20,939	5751	freemarker.cache	[main]	Loading template for "commons/commons-inject-js.ftl"("en_IN", UTF-8, parsed) from "jar:file:/home/waioz/.m2/repository/com/aventstack/extentreports/5.0.9/extentreports-5.0.9.jar!/com/aventstack/extentreports/templates/commons/commons-inject-js.ftl"
